#
# There is insufficient memory for the Java Runtime Environment to continue.
# Native memory allocation (mmap) failed to map 2949120 bytes for G1 virtual space
# Possible reasons:
#   The system is out of physical RAM or swap space
#   The process is running with CompressedOops enabled, and the Java Heap may be blocking the growth of the native heap
# Possible solutions:
#   Reduce memory load on the system
#   Increase physical memory or swap space
#   Check if swap backing store is full
#   Decrease Java heap size (-Xmx/-Xms)
#   Decrease number of Java threads
#   Decrease Java thread stack sizes (-Xss)
#   Set larger code cache with -XX:ReservedCodeCacheSize=
#   JVM is running with Zero Based Compressed Oops mode in which the Java heap is
#     placed in the first 32GB address space. The Java Heap base address is the
#     maximum limit for the native heap growth. Please use -XX:HeapBaseMinAddress
#     to set the Java Heap base and to place the Java Heap above 32GB virtual address.
# This output file may be truncated or incomplete.
#
#  Out of Memory Error (os_windows.cpp:3530), pid=18892, tid=15628
#
# JRE version: Java(TM) SE Runtime Environment (18.0+36) (build 18+36-2087)
# Java VM: Java HotSpot(TM) 64-Bit Server VM (18+36-2087, mixed mode, sharing, tiered, compressed oops, compressed class ptrs, g1 gc, windows-amd64)
# No core dump will be written. Minidumps are not enabled by default on client versions of Windows
#

---------------  S U M M A R Y ------------

Command Line: --module-path=C:\Users\isaac\.m2\repository\org\openjfx\javafx-base\13\javafx-base-13-win.jar;C:\Users\isaac\.m2\repository\org\openjfx\javafx-base\13\javafx-base-13.jar;C:\Users\isaac\.m2\repository\org\openjfx\javafx-controls\13\javafx-controls-13-win.jar;C:\Users\isaac\.m2\repository\org\openjfx\javafx-controls\13\javafx-controls-13.jar;C:\Users\isaac\.m2\repository\org\openjfx\javafx-fxml\13\javafx-fxml-13-win.jar;C:\Users\isaac\.m2\repository\org\openjfx\javafx-fxml\13\javafx-fxml-13.jar;C:\Users\isaac\.m2\repository\org\openjfx\javafx-graphics\13\javafx-graphics-13-win.jar;C:\Users\isaac\.m2\repository\org\openjfx\javafx-graphics\13\javafx-graphics-13.jar --add-modules=javafx.base,javafx.controls,javafx.fxml,javafx.graphics br.com.fatec.App

Host: AMD Ryzen 5 3600 6-Core Processor              , 12 cores, 15G,  Windows 11 , 64 bit Build 22000 (10.0.22000.675)
Time: Wed Jun  8 21:37:18 2022 E. South America Standard Time elapsed time: 73.829126 seconds (0d 0h 1m 13s)

---------------  T H R E A D  ---------------

Current thread (0x000002765c50b9f0):  VMThread "VM Thread" [stack: 0x000000c8e3000000,0x000000c8e3100000] [id=15628]

Stack: [0x000000c8e3000000,0x000000c8e3100000]
Native frames: (J=compiled Java code, j=interpreted, Vv=VM code, C=native code)
V  [jvm.dll+0x69804a]
V  [jvm.dll+0x7f308d]
V  [jvm.dll+0x7f499e]
V  [jvm.dll+0x7f5053]
V  [jvm.dll+0x25ca3f]
V  [jvm.dll+0x694f99]
V  [jvm.dll+0x689aca]
V  [jvm.dll+0x321efb]
V  [jvm.dll+0x3298d6]
V  [jvm.dll+0x37e4a8]
V  [jvm.dll+0x37e6af]
V  [jvm.dll+0x2f9c7a]
V  [jvm.dll+0x2fca76]
V  [jvm.dll+0x306ee5]
V  [jvm.dll+0x33bff0]
V  [jvm.dll+0x7f9e3b]
V  [jvm.dll+0x7fabd4]
V  [jvm.dll+0x7fb10c]
V  [jvm.dll+0x7fb564]
V  [jvm.dll+0x7fb627]
V  [jvm.dll+0x79fbba]
V  [jvm.dll+0x696ef5]
C  [ucrtbase.dll+0x26c0c]
C  [KERNEL32.DLL+0x154e0]
C  [ntdll.dll+0x485b]

VM_Operation (0x000000c8e2cffad0): G1Concurrent, mode: safepoint, requested by thread 0x000002765c4fa200


---------------  P R O C E S S  ---------------

Threads class SMR info:
_java_thread_list=0x000002767fa61f10, length=20, elements={
0x000002765c477690, 0x000002767f6bf850, 0x000002767f6c0100, 0x000002767f6dc0b0,
0x000002767f6dc960, 0x000002767f6dd210, 0x000002767f6dfad0, 0x000002767f6f1410,
0x000002767f6f1d00, 0x000002767f706dc0, 0x000002767f9103d0, 0x000002767fc3c830,
0x000002767fbb7030, 0x000002760440e790, 0x0000027604417c40, 0x00000276047f7500,
0x000002760b8418f0, 0x000002760411d670, 0x000002760411aff0, 0x000002760411ccd0
}

Java Threads: ( => current thread )
  0x000002765c477690 JavaThread "main" [_thread_blocked, id=2844, stack(0x000000c8e2a00000,0x000000c8e2b00000)]
  0x000002767f6bf850 JavaThread "Reference Handler" daemon [_thread_blocked, id=18812, stack(0x000000c8e3100000,0x000000c8e3200000)]
  0x000002767f6c0100 JavaThread "Finalizer" daemon [_thread_blocked, id=13536, stack(0x000000c8e3200000,0x000000c8e3300000)]
  0x000002767f6dc0b0 JavaThread "Signal Dispatcher" daemon [_thread_blocked, id=21440, stack(0x000000c8e3300000,0x000000c8e3400000)]
  0x000002767f6dc960 JavaThread "Attach Listener" daemon [_thread_blocked, id=18484, stack(0x000000c8e3400000,0x000000c8e3500000)]
  0x000002767f6dd210 JavaThread "Service Thread" daemon [_thread_blocked, id=12716, stack(0x000000c8e3500000,0x000000c8e3600000)]
  0x000002767f6dfad0 JavaThread "Monitor Deflation Thread" daemon [_thread_blocked, id=18920, stack(0x000000c8e3600000,0x000000c8e3700000)]
  0x000002767f6f1410 JavaThread "C2 CompilerThread0" daemon [_thread_blocked, id=1728, stack(0x000000c8e3700000,0x000000c8e3800000)]
  0x000002767f6f1d00 JavaThread "C1 CompilerThread0" daemon [_thread_blocked, id=1104, stack(0x000000c8e3800000,0x000000c8e3900000)]
  0x000002767f706dc0 JavaThread "Sweeper thread" daemon [_thread_blocked, id=21288, stack(0x000000c8e3900000,0x000000c8e3a00000)]
  0x000002767f9103d0 JavaThread "Common-Cleaner" daemon [_thread_blocked, id=16296, stack(0x000000c8e3a00000,0x000000c8e3b00000)]
  0x000002767fc3c830 JavaThread "Notification Thread" daemon [_thread_blocked, id=11828, stack(0x000000c8e3d00000,0x000000c8e3e00000)]
  0x000002767fbb7030 JavaThread "QuantumRenderer-0" daemon [_thread_blocked, id=19572, stack(0x000000c8e3f00000,0x000000c8e4000000)]
  0x000002760440e790 JavaThread "InvokeLaterDispatcher" daemon [_thread_blocked, id=18652, stack(0x000000c8e4100000,0x000000c8e4200000)]
  0x0000027604417c40 JavaThread "JavaFX Application Thread" [_thread_in_native, id=16248, stack(0x000000c8e4200000,0x000000c8e4300000)]
  0x00000276047f7500 JavaThread "JavaFX-Launcher" [_thread_blocked, id=10132, stack(0x000000c8e3c00000,0x000000c8e3d00000)]
  0x000002760b8418f0 JavaThread "Thread-2" daemon [_thread_blocked, id=8900, stack(0x000000c8e3b00000,0x000000c8e3c00000)]
  0x000002760411d670 JavaThread "Prism Font Disposer" daemon [_thread_blocked, id=18872, stack(0x000000c8e4d00000,0x000000c8e4e00000)]
  0x000002760411aff0 JavaThread "Cleaner-0" daemon [_thread_blocked, id=21300, stack(0x000000c8e5100000,0x000000c8e5200000)]
  0x000002760411ccd0 JavaThread "Abandoned connection cleanup thread" daemon [_thread_blocked, id=11908, stack(0x000000c8e5600000,0x000000c8e5700000)]

Other Threads:
=>0x000002765c50b9f0 VMThread "VM Thread" [stack: 0x000000c8e3000000,0x000000c8e3100000] [id=15628]
  0x000002767f97ac50 WatcherThread "VM Periodic Task Thread" [stack: 0x000000c8e3e00000,0x000000c8e3f00000] [id=20132]
  0x000002765c4e96d0 WorkerThread "GC Thread#0" [stack: 0x000000c8e2b00000,0x000000c8e2c00000] [id=6128]
  0x000002760b7f44c0 WorkerThread "GC Thread#1" [stack: 0x000000c8e4500000,0x000000c8e4600000] [id=8984]
  0x000002760448f630 WorkerThread "GC Thread#2" [stack: 0x000000c8e4600000,0x000000c8e4700000] [id=7140]
  0x00000276044900e0 WorkerThread "GC Thread#3" [stack: 0x000000c8e4700000,0x000000c8e4800000] [id=8180]
  0x0000027604490380 WorkerThread "GC Thread#4" [stack: 0x000000c8e4800000,0x000000c8e4900000] [id=936]
  0x000002760b894800 WorkerThread "GC Thread#5" [stack: 0x000000c8e4900000,0x000000c8e4a00000] [id=11692]
  0x000002760bc855b0 WorkerThread "GC Thread#6" [stack: 0x000000c8e4400000,0x000000c8e4500000] [id=20776]
  0x000002760bc85850 WorkerThread "GC Thread#7" [stack: 0x000000c8e4e00000,0x000000c8e4f00000] [id=3804]
  0x000002760be83190 WorkerThread "GC Thread#8" [stack: 0x000000c8e4f00000,0x000000c8e5000000] [id=20188]
  0x000002760c3b2c80 WorkerThread "GC Thread#9" [stack: 0x000000c8e5000000,0x000000c8e5100000] [id=20344]
  0x000002765c4fa200 ConcurrentGCThread "G1 Main Marker" [stack: 0x000000c8e2c00000,0x000000c8e2d00000] [id=17908]
  0x000002765c4fb040 WorkerThread "G1 Conc#0" [stack: 0x000000c8e2d00000,0x000000c8e2e00000] [id=18656]
  0x000002760bd34310 WorkerThread "G1 Conc#1" [stack: 0x000000c8e5200000,0x000000c8e5300000] [id=9544]
  0x000002760bd34070 WorkerThread "G1 Conc#2" [stack: 0x000000c8e5300000,0x000000c8e5400000] [id=20584]
  0x000002765c53ec80 ConcurrentGCThread "G1 Refine#0" [stack: 0x000000c8e2e00000,0x000000c8e2f00000] [id=20596]
  0x000002761c9e2a70 ConcurrentGCThread "G1 Refine#1" [stack: 0x000000c8e5410000,0x000000c8e5510000] [id=14156]
  0x000002761c9e4f00 ConcurrentGCThread "G1 Refine#2" [stack: 0x000000c8e5820000,0x000000c8e5920000] [id=20436]
  0x000002761c9e35b0 ConcurrentGCThread "G1 Refine#3" [stack: 0x000000c8e5920000,0x000000c8e5a20000] [id=21352]
  0x000002761c9e3880 ConcurrentGCThread "G1 Refine#4" [stack: 0x000000c8e5a20000,0x000000c8e5b20000] [id=16108]
  0x000002761c9e2200 ConcurrentGCThread "G1 Refine#5" [stack: 0x000000c8e5b20000,0x000000c8e5c20000] [id=16912]
  0x000002761c9e3010 ConcurrentGCThread "G1 Refine#6" [stack: 0x000000c8e5c20000,0x000000c8e5d20000] [id=16492]
  0x000002767f57a550 ConcurrentGCThread "G1 Service" [stack: 0x000000c8e2f00000,0x000000c8e3000000] [id=10008]

Threads with active compile tasks:

VM state: at safepoint (normal execution)

VM Mutex/Monitor currently owned by a thread:  ([mutex/lock_event])
[0x000002765c473aa0] Threads_lock - owner thread: 0x000002765c50b9f0
[0x000002765c473b30] Heap_lock - owner thread: 0x000002765c4fa200

Heap address: 0x0000000700a00000, size: 4086 MB, Compressed Oops mode: Zero based, Oop shift amount: 3

CDS archive(s) mapped at: [0x0000000800000000-0x0000000800ba0000-0x0000000800ba0000), size 12189696, SharedBaseAddress: 0x0000000800000000, ArchiveRelocationMode: 0.
Compressed class space mapped at: 0x0000000800c00000-0x0000000840c00000, reserved size: 1073741824
Narrow klass base: 0x0000000800000000, Narrow klass shift: 0, Narrow klass range: 0x100000000

GC Precious Log:
 CardTable entry size: 512
 Card Set container configuration: InlinePtr #cards 4 size 8 Array Of Cards #cards 16 size 48 Howl #buckets 8 coarsen threshold 3686 Howl Bitmap #cards 512 size 80 coarsen threshold 460 Card regions per heap region 1 cards per card region 4096
 CPUs: 12 total, 12 available
 Memory: 16336M
 Large Page Support: Disabled
 NUMA Support: Disabled
 Compressed Oops: Enabled (Zero based)
 Heap Region Size: 2M
 Heap Min Capacity: 8M
 Heap Initial Capacity: 256M
 Heap Max Capacity: 4086M
 Pre-touch: Disabled
 Parallel Workers: 10
 Concurrent Workers: 3
 Concurrent Refinement Workers: 10
 Periodic GC: Disabled

Heap:
 garbage-first heap   total 491520K, used 401648K [0x0000000700a00000, 0x0000000800000000)
  region size 2048K, 2 young (4096K), 1 survivors (2048K)
 Metaspace       used 25728K, committed 26176K, reserved 1114112K
  class space    used 3304K, committed 3520K, reserved 1048576K

Heap Regions: E=young(eden), S=young(survivor), O=old, HS=humongous(starts), HC=humongous(continues), CS=collection set, F=free, OA=open archive, CA=closed archive, TAMS=top-at-mark-start (previous, next)
|   0|0x0000000700a00000, 0x0000000700c00000, 0x0000000700c00000|100%|HS|  |TAMS 0x0000000700c00000, 0x0000000700a00000| Complete 
|   1|0x0000000700c00000, 0x0000000700e00000, 0x0000000700e00000|100%|HC|  |TAMS 0x0000000700e00000, 0x0000000700c00000| Complete 
|   2|0x0000000700e00000, 0x0000000701000000, 0x0000000701000000|100%|HC|  |TAMS 0x0000000701000000, 0x0000000700e00000| Complete 
|   3|0x0000000701000000, 0x0000000701200000, 0x0000000701200000|100%|HC|  |TAMS 0x0000000701200000, 0x0000000701000000| Complete 
|   4|0x0000000701200000, 0x0000000701400000, 0x0000000701400000|100%|HC|  |TAMS 0x0000000701400000, 0x0000000701200000| Complete 
|   5|0x0000000701400000, 0x0000000701600000, 0x0000000701600000|100%|HS|  |TAMS 0x0000000701600000, 0x0000000701400000| Complete 
|   6|0x0000000701600000, 0x0000000701800000, 0x0000000701800000|100%|HC|  |TAMS 0x0000000701800000, 0x0000000701600000| Complete 
|   7|0x0000000701800000, 0x0000000701a00000, 0x0000000701a00000|100%|HC|  |TAMS 0x0000000701a00000, 0x0000000701800000| Complete 
|   8|0x0000000701a00000, 0x0000000701c00000, 0x0000000701c00000|100%|HC|  |TAMS 0x0000000701c00000, 0x0000000701a00000| Complete 
|   9|0x0000000701c00000, 0x0000000701e00000, 0x0000000701e00000|100%|HC|  |TAMS 0x0000000701e00000, 0x0000000701c00000| Complete 
|  10|0x0000000701e00000, 0x0000000702000000, 0x0000000702000000|100%|HC|  |TAMS 0x0000000702000000, 0x0000000701e00000| Complete 
|  11|0x0000000702000000, 0x0000000702200000, 0x0000000702200000|100%|HC|  |TAMS 0x0000000702200000, 0x0000000702000000| Complete 
|  12|0x0000000702200000, 0x0000000702400000, 0x0000000702400000|100%|HC|  |TAMS 0x0000000702400000, 0x0000000702200000| Complete 
|  13|0x0000000702400000, 0x0000000702600000, 0x0000000702600000|100%|HC|  |TAMS 0x0000000702600000, 0x0000000702400000| Complete 
|  14|0x0000000702600000, 0x0000000702800000, 0x0000000702800000|100%|HC|  |TAMS 0x0000000702800000, 0x0000000702600000| Complete 
|  15|0x0000000702800000, 0x0000000702a00000, 0x0000000702a00000|100%|HC|  |TAMS 0x0000000702a00000, 0x0000000702800000| Complete 
|  16|0x0000000702a00000, 0x0000000702c00000, 0x0000000702c00000|100%|HC|  |TAMS 0x0000000702c00000, 0x0000000702a00000| Complete 
|  17|0x0000000702c00000, 0x0000000702e00000, 0x0000000702e00000|100%|HC|  |TAMS 0x0000000702e00000, 0x0000000702c00000| Complete 
|  18|0x0000000702e00000, 0x0000000703000000, 0x0000000703000000|100%|HC|  |TAMS 0x0000000703000000, 0x0000000702e00000| Complete 
|  19|0x0000000703000000, 0x0000000703200000, 0x0000000703200000|100%|HC|  |TAMS 0x0000000703200000, 0x0000000703000000| Complete 
|  20|0x0000000703200000, 0x0000000703400000, 0x0000000703400000|100%|HC|  |TAMS 0x0000000703400000, 0x0000000703200000| Complete 
|  21|0x0000000703400000, 0x0000000703600000, 0x0000000703600000|100%|HC|  |TAMS 0x0000000703600000, 0x0000000703400000| Complete 
|  22|0x0000000703600000, 0x0000000703800000, 0x0000000703800000|100%|HC|  |TAMS 0x0000000703800000, 0x0000000703600000| Complete 
|  23|0x0000000703800000, 0x0000000703a00000, 0x0000000703a00000|100%|HC|  |TAMS 0x0000000703a00000, 0x0000000703800000| Complete 
|  24|0x0000000703a00000, 0x0000000703c00000, 0x0000000703c00000|100%|HC|  |TAMS 0x0000000703c00000, 0x0000000703a00000| Complete 
|  25|0x0000000703c00000, 0x0000000703e00000, 0x0000000703e00000|100%|HC|  |TAMS 0x0000000703e00000, 0x0000000703c00000| Complete 
|  26|0x0000000703e00000, 0x0000000704000000, 0x0000000704000000|100%|HC|  |TAMS 0x0000000704000000, 0x0000000703e00000| Complete 
|  27|0x0000000704000000, 0x0000000704200000, 0x0000000704200000|100%|HC|  |TAMS 0x0000000704200000, 0x0000000704000000| Complete 
|  28|0x0000000704200000, 0x0000000704400000, 0x0000000704400000|100%|HC|  |TAMS 0x0000000704400000, 0x0000000704200000| Complete 
|  29|0x0000000704400000, 0x0000000704600000, 0x0000000704600000|100%|HC|  |TAMS 0x0000000704600000, 0x0000000704400000| Complete 
|  30|0x0000000704600000, 0x0000000704800000, 0x0000000704800000|100%|HC|  |TAMS 0x0000000704800000, 0x0000000704600000| Complete 
|  31|0x0000000704800000, 0x0000000704a00000, 0x0000000704a00000|100%|HC|  |TAMS 0x0000000704a00000, 0x0000000704800000| Complete 
|  32|0x0000000704a00000, 0x0000000704c00000, 0x0000000704c00000|100%|HC|  |TAMS 0x0000000704c00000, 0x0000000704a00000| Complete 
|  33|0x0000000704c00000, 0x0000000704e00000, 0x0000000704e00000|100%|HC|  |TAMS 0x0000000704e00000, 0x0000000704c00000| Complete 
|  34|0x0000000704e00000, 0x0000000705000000, 0x0000000705000000|100%|HC|  |TAMS 0x0000000705000000, 0x0000000704e00000| Complete 
|  35|0x0000000705000000, 0x0000000705200000, 0x0000000705200000|100%|HC|  |TAMS 0x0000000705200000, 0x0000000705000000| Complete 
|  36|0x0000000705200000, 0x0000000705400000, 0x0000000705400000|100%|HC|  |TAMS 0x0000000705400000, 0x0000000705200000| Complete 
|  37|0x0000000705400000, 0x0000000705600000, 0x0000000705600000|100%|HC|  |TAMS 0x0000000705600000, 0x0000000705400000| Complete 
|  38|0x0000000705600000, 0x0000000705800000, 0x0000000705800000|100%|HC|  |TAMS 0x0000000705800000, 0x0000000705600000| Complete 
|  39|0x0000000705800000, 0x0000000705a00000, 0x0000000705a00000|100%|HC|  |TAMS 0x0000000705a00000, 0x0000000705800000| Complete 
|  40|0x0000000705a00000, 0x0000000705c00000, 0x0000000705c00000|100%|HC|  |TAMS 0x0000000705c00000, 0x0000000705a00000| Complete 
|  41|0x0000000705c00000, 0x0000000705e00000, 0x0000000705e00000|100%|HC|  |TAMS 0x0000000705e00000, 0x0000000705c00000| Complete 
|  42|0x0000000705e00000, 0x0000000706000000, 0x0000000706000000|100%|HC|  |TAMS 0x0000000706000000, 0x0000000705e00000| Complete 
|  43|0x0000000706000000, 0x0000000706200000, 0x0000000706200000|100%|HC|  |TAMS 0x0000000706200000, 0x0000000706000000| Complete 
|  44|0x0000000706200000, 0x0000000706400000, 0x0000000706400000|100%|HS|  |TAMS 0x0000000706400000, 0x0000000706200000| Complete 
|  45|0x0000000706400000, 0x0000000706600000, 0x0000000706600000|100%|HC|  |TAMS 0x0000000706600000, 0x0000000706400000| Complete 
|  46|0x0000000706600000, 0x0000000706800000, 0x0000000706800000|100%|HC|  |TAMS 0x0000000706800000, 0x0000000706600000| Complete 
|  47|0x0000000706800000, 0x0000000706a00000, 0x0000000706a00000|100%|HC|  |TAMS 0x0000000706a00000, 0x0000000706800000| Complete 
|  48|0x0000000706a00000, 0x0000000706c00000, 0x0000000706c00000|100%|HC|  |TAMS 0x0000000706c00000, 0x0000000706a00000| Complete 
|  49|0x0000000706c00000, 0x0000000706e00000, 0x0000000706e00000|100%| O|  |TAMS 0x0000000706e00000, 0x0000000706c00000| Untracked 
|  50|0x0000000706e00000, 0x0000000707000000, 0x0000000707000000|100%|HS|  |TAMS 0x0000000707000000, 0x0000000706e00000| Complete 
|  51|0x0000000707000000, 0x0000000707200000, 0x0000000707200000|100%|HC|  |TAMS 0x0000000707200000, 0x0000000707000000| Complete 
|  52|0x0000000707200000, 0x0000000707400000, 0x0000000707400000|100%|HC|  |TAMS 0x0000000707400000, 0x0000000707200000| Complete 
|  53|0x0000000707400000, 0x0000000707600000, 0x0000000707600000|100%|HC|  |TAMS 0x0000000707600000, 0x0000000707400000| Complete 
|  54|0x0000000707600000, 0x0000000707800000, 0x0000000707800000|100%|HC|  |TAMS 0x0000000707800000, 0x0000000707600000| Complete 
|  55|0x0000000707800000, 0x0000000707a00000, 0x0000000707a00000|100%|HC|  |TAMS 0x0000000707a00000, 0x0000000707800000| Complete 
|  56|0x0000000707a00000, 0x0000000707c00000, 0x0000000707c00000|100%|HC|  |TAMS 0x0000000707c00000, 0x0000000707a00000| Complete 
|  57|0x0000000707c00000, 0x0000000707e00000, 0x0000000707e00000|100%|HC|  |TAMS 0x0000000707e00000, 0x0000000707c00000| Complete 
|  58|0x0000000707e00000, 0x0000000708000000, 0x0000000708000000|100%|HC|  |TAMS 0x0000000708000000, 0x0000000707e00000| Complete 
|  59|0x0000000708000000, 0x0000000708200000, 0x0000000708200000|100%|HC|  |TAMS 0x0000000708200000, 0x0000000708000000| Complete 
|  60|0x0000000708200000, 0x0000000708400000, 0x0000000708400000|100%|HC|  |TAMS 0x0000000708400000, 0x0000000708200000| Complete 
|  61|0x0000000708400000, 0x0000000708600000, 0x0000000708600000|100%|HC|  |TAMS 0x0000000708600000, 0x0000000708400000| Complete 
|  62|0x0000000708600000, 0x0000000708800000, 0x0000000708800000|100%|HC|  |TAMS 0x0000000708800000, 0x0000000708600000| Complete 
|  63|0x0000000708800000, 0x0000000708a00000, 0x0000000708a00000|100%|HS|  |TAMS 0x0000000708a00000, 0x0000000708800000| Complete 
|  64|0x0000000708a00000, 0x0000000708c00000, 0x0000000708c00000|100%| O|  |TAMS 0x0000000708c00000, 0x0000000708a00000| Untracked 
|  65|0x0000000708c00000, 0x0000000708e00000, 0x0000000708e00000|100%| O|  |TAMS 0x0000000708e00000, 0x0000000708c00000| Untracked 
|  66|0x0000000708e00000, 0x0000000709000000, 0x0000000709000000|100%| O|  |TAMS 0x0000000709000000, 0x0000000708e00000| Untracked 
|  67|0x0000000709000000, 0x0000000709200000, 0x0000000709200000|100%|HS|  |TAMS 0x0000000709200000, 0x0000000709000000| Complete 
|  68|0x0000000709200000, 0x0000000709400000, 0x0000000709400000|100%|HC|  |TAMS 0x0000000709400000, 0x0000000709200000| Complete 
|  69|0x0000000709400000, 0x0000000709600000, 0x0000000709600000|100%|HC|  |TAMS 0x0000000709600000, 0x0000000709400000| Complete 
|  70|0x0000000709600000, 0x0000000709800000, 0x0000000709800000|100%|HC|  |TAMS 0x0000000709800000, 0x0000000709600000| Complete 
|  71|0x0000000709800000, 0x0000000709a00000, 0x0000000709a00000|100%|HC|  |TAMS 0x0000000709a00000, 0x0000000709800000| Complete 
|  72|0x0000000709a00000, 0x0000000709c00000, 0x0000000709c00000|100%|HS|  |TAMS 0x0000000709c00000, 0x0000000709a00000| Complete 
|  73|0x0000000709c00000, 0x0000000709e00000, 0x0000000709e00000|100%|HC|  |TAMS 0x0000000709e00000, 0x0000000709c00000| Complete 
|  74|0x0000000709e00000, 0x000000070a000000, 0x000000070a000000|100%|HC|  |TAMS 0x000000070a000000, 0x0000000709e00000| Complete 
|  75|0x000000070a000000, 0x000000070a200000, 0x000000070a200000|100%|HC|  |TAMS 0x000000070a200000, 0x000000070a000000| Complete 
|  76|0x000000070a200000, 0x000000070a400000, 0x000000070a400000|100%|HC|  |TAMS 0x000000070a400000, 0x000000070a200000| Complete 
|  77|0x000000070a400000, 0x000000070a600000, 0x000000070a600000|100%|HC|  |TAMS 0x000000070a600000, 0x000000070a400000| Complete 
|  78|0x000000070a600000, 0x000000070a800000, 0x000000070a800000|100%|HC|  |TAMS 0x000000070a800000, 0x000000070a600000| Complete 
|  79|0x000000070a800000, 0x000000070aa00000, 0x000000070aa00000|100%|HC|  |TAMS 0x000000070aa00000, 0x000000070a800000| Complete 
|  80|0x000000070aa00000, 0x000000070ac00000, 0x000000070ac00000|100%|HC|  |TAMS 0x000000070ac00000, 0x000000070aa00000| Complete 
|  81|0x000000070ac00000, 0x000000070ae00000, 0x000000070ae00000|100%|HC|  |TAMS 0x000000070ae00000, 0x000000070ac00000| Complete 
|  82|0x000000070ae00000, 0x000000070b000000, 0x000000070b000000|100%|HC|  |TAMS 0x000000070b000000, 0x000000070ae00000| Complete 
|  83|0x000000070b000000, 0x000000070b200000, 0x000000070b200000|100%|HC|  |TAMS 0x000000070b200000, 0x000000070b000000| Complete 
|  84|0x000000070b200000, 0x000000070b400000, 0x000000070b400000|100%|HC|  |TAMS 0x000000070b400000, 0x000000070b200000| Complete 
|  85|0x000000070b400000, 0x000000070b600000, 0x000000070b600000|100%|HS|  |TAMS 0x000000070b600000, 0x000000070b400000| Complete 
|  86|0x000000070b600000, 0x000000070b800000, 0x000000070b800000|100%|HC|  |TAMS 0x000000070b800000, 0x000000070b600000| Complete 
|  87|0x000000070b800000, 0x000000070ba00000, 0x000000070ba00000|100%|HC|  |TAMS 0x000000070ba00000, 0x000000070b800000| Complete 
|  88|0x000000070ba00000, 0x000000070bc00000, 0x000000070bc00000|100%|HC|  |TAMS 0x000000070bc00000, 0x000000070ba00000| Complete 
|  89|0x000000070bc00000, 0x000000070be00000, 0x000000070be00000|100%|HC|  |TAMS 0x000000070be00000, 0x000000070bc00000| Complete 
|  90|0x000000070be00000, 0x000000070c000000, 0x000000070c000000|100%|HS|  |TAMS 0x000000070c000000, 0x000000070be00000| Complete 
|  91|0x000000070c000000, 0x000000070c200000, 0x000000070c200000|100%|HC|  |TAMS 0x000000070c200000, 0x000000070c000000| Complete 
|  92|0x000000070c200000, 0x000000070c400000, 0x000000070c400000|100%|HC|  |TAMS 0x000000070c400000, 0x000000070c200000| Complete 
|  93|0x000000070c400000, 0x000000070c600000, 0x000000070c600000|100%|HC|  |TAMS 0x000000070c600000, 0x000000070c400000| Complete 
|  94|0x000000070c600000, 0x000000070c800000, 0x000000070c800000|100%|HC|  |TAMS 0x000000070c800000, 0x000000070c600000| Complete 
|  95|0x000000070c800000, 0x000000070ca00000, 0x000000070ca00000|100%|HS|  |TAMS 0x000000070ca00000, 0x000000070c800000| Complete 
|  96|0x000000070ca00000, 0x000000070cc00000, 0x000000070cc00000|100%|HC|  |TAMS 0x000000070cc00000, 0x000000070ca00000| Complete 
|  97|0x000000070cc00000, 0x000000070ce00000, 0x000000070ce00000|100%|HC|  |TAMS 0x000000070ce00000, 0x000000070cc00000| Complete 
|  98|0x000000070ce00000, 0x000000070d000000, 0x000000070d000000|100%|HC|  |TAMS 0x000000070d000000, 0x000000070ce00000| Complete 
|  99|0x000000070d000000, 0x000000070d200000, 0x000000070d200000|100%|HC|  |TAMS 0x000000070d200000, 0x000000070d000000| Complete 
| 100|0x000000070d200000, 0x000000070d400000, 0x000000070d400000|100%|HS|  |TAMS 0x000000070d400000, 0x000000070d200000| Complete 
| 101|0x000000070d400000, 0x000000070d600000, 0x000000070d600000|100%|HC|  |TAMS 0x000000070d600000, 0x000000070d400000| Complete 
| 102|0x000000070d600000, 0x000000070d800000, 0x000000070d800000|100%|HC|  |TAMS 0x000000070d800000, 0x000000070d600000| Complete 
| 103|0x000000070d800000, 0x000000070da00000, 0x000000070da00000|100%|HC|  |TAMS 0x000000070da00000, 0x000000070d800000| Complete 
| 104|0x000000070da00000, 0x000000070dc00000, 0x000000070dc00000|100%|HC|  |TAMS 0x000000070dc00000, 0x000000070da00000| Complete 
| 105|0x000000070dc00000, 0x000000070de00000, 0x000000070de00000|100%|HC|  |TAMS 0x000000070de00000, 0x000000070dc00000| Complete 
| 106|0x000000070de00000, 0x000000070e000000, 0x000000070e000000|100%|HC|  |TAMS 0x000000070e000000, 0x000000070de00000| Complete 
| 107|0x000000070e000000, 0x000000070e200000, 0x000000070e200000|100%|HC|  |TAMS 0x000000070e200000, 0x000000070e000000| Complete 
| 108|0x000000070e200000, 0x000000070e400000, 0x000000070e400000|100%|HC|  |TAMS 0x000000070e400000, 0x000000070e200000| Complete 
| 109|0x000000070e400000, 0x000000070e600000, 0x000000070e600000|100%|HC|  |TAMS 0x000000070e600000, 0x000000070e400000| Complete 
| 110|0x000000070e600000, 0x000000070e800000, 0x000000070e800000|100%|HC|  |TAMS 0x000000070e800000, 0x000000070e600000| Complete 
| 111|0x000000070e800000, 0x000000070ea00000, 0x000000070ea00000|100%|HC|  |TAMS 0x000000070ea00000, 0x000000070e800000| Complete 
| 112|0x000000070ea00000, 0x000000070ec00000, 0x000000070ec00000|100%|HC|  |TAMS 0x000000070ec00000, 0x000000070ea00000| Complete 
| 113|0x000000070ec00000, 0x000000070ee00000, 0x000000070ee00000|100%| O|  |TAMS 0x000000070ee00000, 0x000000070ec00000| Untracked 
| 114|0x000000070ee00000, 0x000000070f000000, 0x000000070f000000|100%| O|  |TAMS 0x000000070f000000, 0x000000070ee00000| Untracked 
| 115|0x000000070f000000, 0x000000070f200000, 0x000000070f200000|100%| O|  |TAMS 0x000000070f200000, 0x000000070f000000| Untracked 
| 116|0x000000070f200000, 0x000000070f400000, 0x000000070f400000|100%| O|  |TAMS 0x000000070f400000, 0x000000070f200000| Untracked 
| 117|0x000000070f400000, 0x000000070f600000, 0x000000070f600000|100%| O|  |TAMS 0x000000070f400000, 0x000000070f400000| Untracked 
| 118|0x000000070f600000, 0x000000070f800000, 0x000000070f800000|100%|HS|  |TAMS 0x000000070f800000, 0x000000070f600000| Complete 
| 119|0x000000070f800000, 0x000000070fa00000, 0x000000070fa00000|100%|HC|  |TAMS 0x000000070fa00000, 0x000000070f800000| Complete 
| 120|0x000000070fa00000, 0x000000070fc00000, 0x000000070fc00000|100%|HC|  |TAMS 0x000000070fc00000, 0x000000070fa00000| Complete 
| 121|0x000000070fc00000, 0x000000070fe00000, 0x000000070fe00000|100%|HC|  |TAMS 0x000000070fe00000, 0x000000070fc00000| Complete 
| 122|0x000000070fe00000, 0x0000000710000000, 0x0000000710000000|100%|HC|  |TAMS 0x0000000710000000, 0x000000070fe00000| Complete 
| 123|0x0000000710000000, 0x0000000710200000, 0x0000000710200000|100%| O|  |TAMS 0x0000000710200000, 0x0000000710000000| Updating 
| 124|0x0000000710200000, 0x0000000710400000, 0x0000000710400000|100%|HS|  |TAMS 0x0000000710400000, 0x0000000710200000| Complete 
| 125|0x0000000710400000, 0x0000000710600000, 0x0000000710600000|100%|HC|  |TAMS 0x0000000710600000, 0x0000000710400000| Complete 
| 126|0x0000000710600000, 0x0000000710800000, 0x0000000710800000|100%|HC|  |TAMS 0x0000000710800000, 0x0000000710600000| Complete 
| 127|0x0000000710800000, 0x0000000710a00000, 0x0000000710a00000|100%|HC|  |TAMS 0x0000000710a00000, 0x0000000710800000| Complete 
| 128|0x0000000710a00000, 0x0000000710c00000, 0x0000000710c00000|100%|HC|  |TAMS 0x0000000710c00000, 0x0000000710a00000| Complete 
| 129|0x0000000710c00000, 0x0000000710e00000, 0x0000000710e00000|100%|HS|  |TAMS 0x0000000710e00000, 0x0000000710c00000| Complete 
| 130|0x0000000710e00000, 0x0000000711000000, 0x0000000711000000|100%|HC|  |TAMS 0x0000000711000000, 0x0000000710e00000| Complete 
| 131|0x0000000711000000, 0x0000000711200000, 0x0000000711200000|100%|HC|  |TAMS 0x0000000711200000, 0x0000000711000000| Complete 
| 132|0x0000000711200000, 0x0000000711400000, 0x0000000711400000|100%|HC|  |TAMS 0x0000000711400000, 0x0000000711200000| Complete 
| 133|0x0000000711400000, 0x0000000711600000, 0x0000000711600000|100%|HC|  |TAMS 0x0000000711600000, 0x0000000711400000| Complete 
| 134|0x0000000711600000, 0x0000000711800000, 0x0000000711800000|100%|HS|  |TAMS 0x0000000711800000, 0x0000000711600000| Complete 
| 135|0x0000000711800000, 0x0000000711a00000, 0x0000000711a00000|100%|HC|  |TAMS 0x0000000711a00000, 0x0000000711800000| Complete 
| 136|0x0000000711a00000, 0x0000000711c00000, 0x0000000711c00000|100%|HC|  |TAMS 0x0000000711c00000, 0x0000000711a00000| Complete 
| 137|0x0000000711c00000, 0x0000000711e00000, 0x0000000711e00000|100%|HC|  |TAMS 0x0000000711e00000, 0x0000000711c00000| Complete 
| 138|0x0000000711e00000, 0x0000000712000000, 0x0000000712000000|100%|HC|  |TAMS 0x0000000712000000, 0x0000000711e00000| Complete 
| 139|0x0000000712000000, 0x0000000712200000, 0x0000000712200000|100%|HC|  |TAMS 0x0000000712200000, 0x0000000712000000| Complete 
| 140|0x0000000712200000, 0x0000000712400000, 0x0000000712400000|100%|HC|  |TAMS 0x0000000712400000, 0x0000000712200000| Complete 
| 141|0x0000000712400000, 0x0000000712600000, 0x0000000712600000|100%|HC|  |TAMS 0x0000000712600000, 0x0000000712400000| Complete 
| 142|0x0000000712600000, 0x0000000712800000, 0x0000000712800000|100%|HC|  |TAMS 0x0000000712800000, 0x0000000712600000| Complete 
| 143|0x0000000712800000, 0x0000000712a00000, 0x0000000712a00000|100%|HC|  |TAMS 0x0000000712a00000, 0x0000000712800000| Complete 
| 144|0x0000000712a00000, 0x0000000712c00000, 0x0000000712c00000|100%|HC|  |TAMS 0x0000000712c00000, 0x0000000712a00000| Complete 
| 145|0x0000000712c00000, 0x0000000712e00000, 0x0000000712e00000|100%|HC|  |TAMS 0x0000000712e00000, 0x0000000712c00000| Complete 
| 146|0x0000000712e00000, 0x0000000713000000, 0x0000000713000000|100%|HC|  |TAMS 0x0000000713000000, 0x0000000712e00000| Complete 
| 147|0x0000000713000000, 0x0000000713200000, 0x0000000713200000|100%|HS|  |TAMS 0x0000000713200000, 0x0000000713000000| Complete 
| 148|0x0000000713200000, 0x0000000713400000, 0x0000000713400000|100%|HC|  |TAMS 0x0000000713400000, 0x0000000713200000| Complete 
| 149|0x0000000713400000, 0x0000000713600000, 0x0000000713600000|100%|HC|  |TAMS 0x0000000713600000, 0x0000000713400000| Complete 
| 150|0x0000000713600000, 0x0000000713800000, 0x0000000713800000|100%|HC|  |TAMS 0x0000000713800000, 0x0000000713600000| Complete 
| 151|0x0000000713800000, 0x0000000713a00000, 0x0000000713a00000|100%|HC|  |TAMS 0x0000000713a00000, 0x0000000713800000| Complete 
| 152|0x0000000713a00000, 0x0000000713c00000, 0x0000000713c00000|100%|HS|  |TAMS 0x0000000713c00000, 0x0000000713a00000| Complete 
| 153|0x0000000713c00000, 0x0000000713e00000, 0x0000000713e00000|100%|HC|  |TAMS 0x0000000713e00000, 0x0000000713c00000| Complete 
| 154|0x0000000713e00000, 0x0000000714000000, 0x0000000714000000|100%|HC|  |TAMS 0x0000000714000000, 0x0000000713e00000| Complete 
| 155|0x0000000714000000, 0x0000000714200000, 0x0000000714200000|100%|HC|  |TAMS 0x0000000714200000, 0x0000000714000000| Complete 
| 156|0x0000000714200000, 0x0000000714400000, 0x0000000714400000|100%|HC|  |TAMS 0x0000000714400000, 0x0000000714200000| Complete 
| 157|0x0000000714400000, 0x0000000714600000, 0x0000000714600000|100%|HS|  |TAMS 0x0000000714600000, 0x0000000714400000| Complete 
| 158|0x0000000714600000, 0x0000000714800000, 0x0000000714800000|100%|HC|  |TAMS 0x0000000714800000, 0x0000000714600000| Complete 
| 159|0x0000000714800000, 0x0000000714a00000, 0x0000000714a00000|100%|HC|  |TAMS 0x0000000714a00000, 0x0000000714800000| Complete 
| 160|0x0000000714a00000, 0x0000000714c00000, 0x0000000714c00000|100%|HC|  |TAMS 0x0000000714c00000, 0x0000000714a00000| Complete 
| 161|0x0000000714c00000, 0x0000000714e00000, 0x0000000714e00000|100%|HC|  |TAMS 0x0000000714e00000, 0x0000000714c00000| Complete 
| 162|0x0000000714e00000, 0x0000000715000000, 0x0000000715000000|100%|HS|  |TAMS 0x0000000715000000, 0x0000000714e00000| Complete 
| 163|0x0000000715000000, 0x0000000715200000, 0x0000000715200000|100%|HC|  |TAMS 0x0000000715200000, 0x0000000715000000| Complete 
| 164|0x0000000715200000, 0x0000000715400000, 0x0000000715400000|100%|HC|  |TAMS 0x0000000715400000, 0x0000000715200000| Complete 
| 165|0x0000000715400000, 0x0000000715600000, 0x0000000715600000|100%|HC|  |TAMS 0x0000000715600000, 0x0000000715400000| Complete 
| 166|0x0000000715600000, 0x0000000715800000, 0x0000000715800000|100%|HC|  |TAMS 0x0000000715800000, 0x0000000715600000| Complete 
| 167|0x0000000715800000, 0x0000000715a00000, 0x0000000715a00000|100%|HC|  |TAMS 0x0000000715a00000, 0x0000000715800000| Complete 
| 168|0x0000000715a00000, 0x0000000715c00000, 0x0000000715c00000|100%|HC|  |TAMS 0x0000000715c00000, 0x0000000715a00000| Complete 
| 169|0x0000000715c00000, 0x0000000715e00000, 0x0000000715e00000|100%|HC|  |TAMS 0x0000000715e00000, 0x0000000715c00000| Complete 
| 170|0x0000000715e00000, 0x0000000716000000, 0x0000000716000000|100%|HC|  |TAMS 0x0000000716000000, 0x0000000715e00000| Complete 
| 171|0x0000000716000000, 0x0000000716200000, 0x0000000716200000|100%|HC|  |TAMS 0x0000000716200000, 0x0000000716000000| Complete 
| 172|0x0000000716200000, 0x0000000716400000, 0x0000000716400000|100%|HC|  |TAMS 0x0000000716400000, 0x0000000716200000| Complete 
| 173|0x0000000716400000, 0x0000000716600000, 0x0000000716600000|100%|HC|  |TAMS 0x0000000716600000, 0x0000000716400000| Complete 
| 174|0x0000000716600000, 0x0000000716800000, 0x0000000716800000|100%|HC|  |TAMS 0x0000000716800000, 0x0000000716600000| Complete 
| 175|0x0000000716800000, 0x00000007168e3e00, 0x0000000716a00000| 44%| O|  |TAMS 0x0000000716800000, 0x0000000716800000| Updating 
| 176|0x0000000716a00000, 0x0000000716a00000, 0x0000000716c00000|  0%| F|  |TAMS 0x0000000716a00000, 0x0000000716a00000| Untracked 
| 177|0x0000000716c00000, 0x0000000716c00000, 0x0000000716e00000|  0%| F|  |TAMS 0x0000000716c00000, 0x0000000716c00000| Untracked 
| 178|0x0000000716e00000, 0x0000000716e00000, 0x0000000717000000|  0%| F|  |TAMS 0x0000000716e00000, 0x0000000716e00000| Untracked 
| 179|0x0000000717000000, 0x0000000717000000, 0x0000000717200000|  0%| F|  |TAMS 0x0000000717000000, 0x0000000717000000| Untracked 
| 180|0x0000000717200000, 0x0000000717400000, 0x0000000717400000|100%|HS|  |TAMS 0x0000000717400000, 0x0000000717200000| Complete 
| 181|0x0000000717400000, 0x0000000717600000, 0x0000000717600000|100%|HC|  |TAMS 0x0000000717600000, 0x0000000717400000| Complete 
| 182|0x0000000717600000, 0x0000000717800000, 0x0000000717800000|100%|HC|  |TAMS 0x0000000717800000, 0x0000000717600000| Complete 
| 183|0x0000000717800000, 0x0000000717a00000, 0x0000000717a00000|100%|HC|  |TAMS 0x0000000717a00000, 0x0000000717800000| Complete 
| 184|0x0000000717a00000, 0x0000000717c00000, 0x0000000717c00000|100%|HC|  |TAMS 0x0000000717c00000, 0x0000000717a00000| Complete 
| 185|0x0000000717c00000, 0x0000000717e00000, 0x0000000717e00000|100%| O|  |TAMS 0x0000000717e00000, 0x0000000717c00000| Untracked 
| 186|0x0000000717e00000, 0x0000000718000000, 0x0000000718000000|100%| O|  |TAMS 0x0000000718000000, 0x0000000717e00000| Untracked 
| 187|0x0000000718000000, 0x0000000718200000, 0x0000000718200000|100%| O|  |TAMS 0x0000000718200000, 0x0000000718000000| Untracked 
| 188|0x0000000718200000, 0x0000000718400000, 0x0000000718400000|100%| O|  |TAMS 0x0000000718400000, 0x0000000718200000| Untracked 
| 189|0x0000000718400000, 0x0000000718600000, 0x0000000718600000|100%| O|  |TAMS 0x00000007185da400, 0x0000000718400000| Updating 
| 190|0x0000000718600000, 0x0000000718600000, 0x0000000718800000|  0%| F|  |TAMS 0x0000000718600000, 0x0000000718600000| Untracked 
| 191|0x0000000718800000, 0x0000000718800000, 0x0000000718a00000|  0%| F|  |TAMS 0x0000000718800000, 0x0000000718800000| Untracked 
| 192|0x0000000718a00000, 0x0000000718a00000, 0x0000000718c00000|  0%| F|  |TAMS 0x0000000718a00000, 0x0000000718a00000| Untracked 
| 193|0x0000000718c00000, 0x0000000718c00000, 0x0000000718e00000|  0%| F|  |TAMS 0x0000000718c00000, 0x0000000718c00000| Untracked 
| 194|0x0000000718e00000, 0x0000000718e00000, 0x0000000719000000|  0%| F|  |TAMS 0x0000000718e00000, 0x0000000718e00000| Untracked 
| 195|0x0000000719000000, 0x0000000719000000, 0x0000000719200000|  0%| F|  |TAMS 0x0000000719000000, 0x0000000719000000| Untracked 
| 196|0x0000000719200000, 0x0000000719200000, 0x0000000719400000|  0%| F|  |TAMS 0x0000000719200000, 0x0000000719200000| Untracked 
| 197|0x0000000719400000, 0x0000000719400000, 0x0000000719600000|  0%| F|  |TAMS 0x0000000719400000, 0x0000000719400000| Untracked 
| 198|0x0000000719600000, 0x0000000719600000, 0x0000000719800000|  0%| F|  |TAMS 0x0000000719600000, 0x0000000719600000| Untracked 
| 199|0x0000000719800000, 0x0000000719800000, 0x0000000719a00000|  0%| F|  |TAMS 0x0000000719800000, 0x0000000719800000| Untracked 
| 200|0x0000000719a00000, 0x0000000719a00000, 0x0000000719c00000|  0%| F|  |TAMS 0x0000000719a00000, 0x0000000719a00000| Untracked 
| 201|0x0000000719c00000, 0x0000000719c00000, 0x0000000719e00000|  0%| F|  |TAMS 0x0000000719c00000, 0x0000000719c00000| Untracked 
| 202|0x0000000719e00000, 0x0000000719e00000, 0x000000071a000000|  0%| F|  |TAMS 0x0000000719e00000, 0x0000000719e00000| Untracked 
| 203|0x000000071a000000, 0x000000071a000000, 0x000000071a200000|  0%| F|  |TAMS 0x000000071a000000, 0x000000071a000000| Untracked 
| 204|0x000000071a200000, 0x000000071a200000, 0x000000071a400000|  0%| F|  |TAMS 0x000000071a200000, 0x000000071a200000| Untracked 
| 205|0x000000071a400000, 0x000000071a400000, 0x000000071a600000|  0%| F|  |TAMS 0x000000071a400000, 0x000000071a400000| Untracked 
| 206|0x000000071a600000, 0x000000071a600000, 0x000000071a800000|  0%| F|  |TAMS 0x000000071a600000, 0x000000071a600000| Untracked 
| 207|0x000000071a800000, 0x000000071a800000, 0x000000071aa00000|  0%| F|  |TAMS 0x000000071a800000, 0x000000071a800000| Untracked 
| 208|0x000000071aa00000, 0x000000071aa00000, 0x000000071ac00000|  0%| F|  |TAMS 0x000000071aa00000, 0x000000071aa00000| Untracked 
| 209|0x000000071ac00000, 0x000000071ac00000, 0x000000071ae00000|  0%| F|  |TAMS 0x000000071ac00000, 0x000000071ac00000| Untracked 
| 210|0x000000071ae00000, 0x000000071ae00000, 0x000000071b000000|  0%| F|  |TAMS 0x000000071ae00000, 0x000000071ae00000| Untracked 
| 211|0x000000071b000000, 0x000000071b000000, 0x000000071b200000|  0%| F|  |TAMS 0x000000071b000000, 0x000000071b000000| Untracked 
| 212|0x000000071b200000, 0x000000071b200000, 0x000000071b400000|  0%| F|  |TAMS 0x000000071b200000, 0x000000071b200000| Untracked 
| 213|0x000000071b400000, 0x000000071b400000, 0x000000071b600000|  0%| F|  |TAMS 0x000000071b400000, 0x000000071b400000| Untracked 
| 214|0x000000071b600000, 0x000000071b600000, 0x000000071b800000|  0%| F|  |TAMS 0x000000071b600000, 0x000000071b600000| Untracked 
| 215|0x000000071b800000, 0x000000071b800000, 0x000000071ba00000|  0%| F|  |TAMS 0x000000071b800000, 0x000000071b800000| Untracked 
| 216|0x000000071ba00000, 0x000000071ba00000, 0x000000071bc00000|  0%| F|  |TAMS 0x000000071ba00000, 0x000000071ba00000| Untracked 
| 217|0x000000071bc00000, 0x000000071bd582e0, 0x000000071be00000| 67%| S|CS|TAMS 0x000000071bc00000, 0x000000071bc00000| Complete 
| 218|0x000000071be00000, 0x000000071be00000, 0x000000071c000000|  0%| F|  |TAMS 0x000000071be00000, 0x000000071be00000| Untracked 
| 219|0x000000071c000000, 0x000000071c000000, 0x000000071c200000|  0%| F|  |TAMS 0x000000071c000000, 0x000000071c000000| Untracked 
| 220|0x000000071c200000, 0x000000071c200000, 0x000000071c400000|  0%| F|  |TAMS 0x000000071c200000, 0x000000071c200000| Untracked 
| 221|0x000000071c400000, 0x000000071c400000, 0x000000071c600000|  0%| F|  |TAMS 0x000000071c400000, 0x000000071c400000| Untracked 
| 222|0x000000071c600000, 0x000000071c600000, 0x000000071c800000|  0%| F|  |TAMS 0x000000071c600000, 0x000000071c600000| Untracked 
| 223|0x000000071c800000, 0x000000071c800000, 0x000000071ca00000|  0%| F|  |TAMS 0x000000071c800000, 0x000000071c800000| Untracked 
| 224|0x000000071ca00000, 0x000000071ca00000, 0x000000071cc00000|  0%| F|  |TAMS 0x000000071ca00000, 0x000000071ca00000| Untracked 
| 225|0x000000071cc00000, 0x000000071ce00000, 0x000000071ce00000|100%|HS|  |TAMS 0x000000071ce00000, 0x000000071cc00000| Complete 
| 226|0x000000071ce00000, 0x000000071d000000, 0x000000071d000000|100%|HC|  |TAMS 0x000000071d000000, 0x000000071ce00000| Complete 
| 227|0x000000071d000000, 0x000000071d200000, 0x000000071d200000|100%|HC|  |TAMS 0x000000071d200000, 0x000000071d000000| Complete 
| 228|0x000000071d200000, 0x000000071d400000, 0x000000071d400000|100%|HC|  |TAMS 0x000000071d400000, 0x000000071d200000| Complete 
| 229|0x000000071d400000, 0x000000071d600000, 0x000000071d600000|100%|HC|  |TAMS 0x000000071d600000, 0x000000071d400000| Complete 
| 230|0x000000071d600000, 0x000000071d600000, 0x000000071d800000|  0%| F|  |TAMS 0x000000071d600000, 0x000000071d600000| Untracked 
| 231|0x000000071d800000, 0x000000071d800000, 0x000000071da00000|  0%| F|  |TAMS 0x000000071d800000, 0x000000071d800000| Untracked 
| 232|0x000000071da00000, 0x000000071da00000, 0x000000071dc00000|  0%| F|  |TAMS 0x000000071da00000, 0x000000071da00000| Untracked 
| 233|0x000000071dc00000, 0x000000071dc00000, 0x000000071de00000|  0%| F|  |TAMS 0x000000071dc00000, 0x000000071dc00000| Untracked 
| 234|0x000000071de00000, 0x000000071de8b940, 0x000000071e000000| 27%| E|  |TAMS 0x000000071de00000, 0x000000071de00000| Complete 
|2038|0x00000007ff600000, 0x00000007ff800000, 0x00000007ff800000|100%| O|  |TAMS 0x00000007ff800000, 0x00000007ff600000| Untracked 
|2039|0x00000007ff800000, 0x00000007ffa00000, 0x00000007ffa00000|100%| O|  |TAMS 0x00000007ffa00000, 0x00000007ff800000| Untracked 
|2040|0x00000007ffa00000, 0x00000007ffc00000, 0x00000007ffc00000|100%| O|  |TAMS 0x00000007ffc00000, 0x00000007ffa00000| Untracked 
|2041|0x00000007ffc00000, 0x00000007ffe00000, 0x00000007ffe00000|100%| O|  |TAMS 0x00000007ffe00000, 0x00000007ffc00000| Untracked 
|2042|0x00000007ffe00000, 0x0000000800000000, 0x0000000800000000|100%| O|  |TAMS 0x0000000800000000, 0x00000007ffe00000| Untracked 

Card table byte_map: [0x0000027673af0000,0x00000276742f0000] _byte_map_base: 0x00000276702eb000

Marking Bits (Prev, Next): (CMBitMap*) 0x000002765c4e9980, (CMBitMap*) 0x000002765c4e99c0
 Prev Bits: [0x0000027674af0000, 0x0000027678ac8000)
 Next Bits: [0x0000027678ad0000, 0x000002767caa8000)

Polling page: 0x000002765a3e0000

Metaspace:

Usage:
  Non-class:     21.90 MB used.
      Class:      3.23 MB used.
       Both:     25.13 MB used.

Virtual space:
  Non-class space:       64.00 MB reserved,      22.12 MB ( 35%) committed,  1 nodes.
      Class space:        1.00 GB reserved,       3.44 MB ( <1%) committed,  1 nodes.
             Both:        1.06 GB reserved,      25.56 MB (  2%) committed. 

Chunk freelists:
   Non-Class:  1.59 MB
       Class:  632.00 KB
        Both:  2.21 MB

MaxMetaspaceSize: unlimited
CompressedClassSpaceSize: 1.00 GB
Initial GC threshold: 21.00 MB
Current GC threshold: 39.62 MB
CDS: on
MetaspaceReclaimPolicy: balanced
 - commit_granule_bytes: 65536.
 - commit_granule_words: 8192.
 - virtual_space_node_default_size: 8388608.
 - enlarge_chunks_in_place: 1.
 - new_chunks_are_fully_committed: 0.
 - uncommit_free_chunks: 1.
 - use_allocation_guard: 0.


Internal statistics:

num_allocs_failed_limit: 0.
num_arena_births: 474.
num_arena_deaths: 0.
num_vsnodes_births: 2.
num_vsnodes_deaths: 0.
num_space_committed: 409.
num_space_uncommitted: 0.
num_chunks_returned_to_freelist: 0.
num_chunks_taken_from_freelist: 1324.
num_chunk_merges: 0.
num_chunk_splits: 907.
num_chunks_enlarged: 678.
num_inconsistent_stats: 0.

CodeHeap 'non-profiled nmethods': size=120000Kb used=4348Kb max_used=4348Kb free=115651Kb
 bounds [0x000002766b870000, 0x000002766bcb0000, 0x0000027672da0000]
CodeHeap 'profiled nmethods': size=120000Kb used=15734Kb max_used=15734Kb free=104265Kb
 bounds [0x0000027664340000, 0x00000276652a0000, 0x000002766b870000]
CodeHeap 'non-nmethods': size=5760Kb used=1501Kb max_used=1551Kb free=4258Kb
 bounds [0x0000027663da0000, 0x0000027664010000, 0x0000027664340000]
 total_blobs=8041 nmethods=7181 adapters=771
 compilation: enabled
              stopped_count=0, restarted_count=0
 full_count=0

Compilation events (20 events):
Event: 73.804 Thread 0x000002767f6f1d00 nmethod 8034 0x000002766529b190 code [0x000002766529b360, 0x000002766529b958]
Event: 73.804 Thread 0x000002767f6f1d00 8040   !   3       jdk.internal.ref.Cleaner::clean (35 bytes)
Event: 73.805 Thread 0x000002767f6f1410 nmethod 8029 0x000002766bcac090 code [0x000002766bcac360, 0x000002766bcad258]
Event: 73.805 Thread 0x000002767f6f1d00 nmethod 8040 0x000002766529ba90 code [0x000002766529bca0, 0x000002766529c288]
Event: 73.805 Thread 0x000002767f6f1410 8030       4       java.util.ServiceLoader$LazyClassPathLookupIterator::hasNext (42 bytes)
Event: 73.805 Thread 0x000002767f6f1d00 8035       3       java.nio.DirectByteBuffer$Deallocator::run (38 bytes)
Event: 73.805 Thread 0x000002767f6f1d00 nmethod 8035 0x000002766529c510 code [0x000002766529c700, 0x000002766529cb28]
Event: 73.805 Thread 0x000002767f6f1d00 8037       3       jdk.internal.misc.Unsafe::freeMemory (18 bytes)
Event: 73.805 Thread 0x000002767f6f1d00 nmethod 8037 0x000002766529cc90 code [0x000002766529ce60, 0x000002766529d138]
Event: 73.805 Thread 0x000002767f6f1d00 8038       3       jdk.internal.misc.Unsafe::freeMemoryChecks (7 bytes)
Event: 73.805 Thread 0x000002767f6f1d00 nmethod 8038 0x000002766529d290 code [0x000002766529d440, 0x000002766529d638]
Event: 73.805 Thread 0x000002767f6f1410 nmethod 8030 0x000002766bcadd90 code [0x000002766bcadf20, 0x000002766bcadfe8]
Event: 73.805 Thread 0x000002767f6f1410 8036       4       java.util.concurrent.atomic.AtomicLong::addAndGet (14 bytes)
Event: 73.805 Thread 0x000002767f6f1410 nmethod 8036 0x000002766bcae110 code [0x000002766bcae280, 0x000002766bcae318]
Event: 73.815 Thread 0x000002767f6f1d00 8041       3       java.util.TreeSet::<init> (10 bytes)
Event: 73.815 Thread 0x000002767f6f1d00 nmethod 8041 0x000002766529d710 code [0x000002766529d8c0, 0x000002766529db58]
Event: 73.815 Thread 0x000002767f6f1410 8042       4       javafx.scene.layout.GridPane::getNodeRowSpan (18 bytes)
Event: 73.823 Thread 0x000002767f6f1410 nmethod 8042 0x000002766bcae410 code [0x000002766bcae5e0, 0x000002766bcae8f0]
Event: 73.823 Thread 0x000002767f6f1410 8043       4       com.sun.prism.d3d.D3DRTTexture::createGraphics (9 bytes)
Event: 73.824 Thread 0x000002767f6f1410 nmethod 8043 0x000002766bcaec90 code [0x000002766bcaee20, 0x000002766bcaef28]

GC Heap History (20 events):
Event: 2.120 GC heap before
{Heap before GC invocations=2 (full 0):
 garbage-first heap   total 262144K, used 136032K [0x0000000700a00000, 0x0000000800000000)
  region size 2048K, 6 young (12288K), 3 survivors (6144K)
 Metaspace       used 13346K, committed 13696K, reserved 1114112K
  class space    used 1767K, committed 1920K, reserved 1048576K
}
Event: 2.123 GC heap after
{Heap after GC invocations=3 (full 0):
 garbage-first heap   total 262144K, used 136032K [0x0000000700a00000, 0x0000000800000000)
  region size 2048K, 4 young (8192K), 4 survivors (8192K)
 Metaspace       used 13346K, committed 13696K, reserved 1114112K
  class space    used 1767K, committed 1920K, reserved 1048576K
}
Event: 2.816 GC heap before
{Heap before GC invocations=4 (full 0):
 garbage-first heap   total 262144K, used 142176K [0x0000000700a00000, 0x0000000800000000)
  region size 2048K, 7 young (14336K), 4 survivors (8192K)
 Metaspace       used 14339K, committed 14656K, reserved 1114112K
  class space    used 1944K, committed 2112K, reserved 1048576K
}
Event: 2.819 GC heap after
{Heap after GC invocations=5 (full 0):
 garbage-first heap   total 262144K, used 139216K [0x0000000700a00000, 0x0000000800000000)
  region size 2048K, 2 young (4096K), 2 survivors (4096K)
 Metaspace       used 14339K, committed 14656K, reserved 1114112K
  class space    used 1944K, committed 2112K, reserved 1048576K
}
Event: 2.866 GC heap before
{Heap before GC invocations=6 (full 0):
 garbage-first heap   total 262144K, used 149456K [0x0000000700a00000, 0x0000000800000000)
  region size 2048K, 3 young (6144K), 2 survivors (4096K)
 Metaspace       used 14339K, committed 14656K, reserved 1114112K
  class space    used 1944K, committed 2112K, reserved 1048576K
}
Event: 2.866 GC heap after
{Heap after GC invocations=7 (full 0):
 garbage-first heap   total 262144K, used 148725K [0x0000000700a00000, 0x0000000800000000)
  region size 2048K, 2 young (4096K), 2 survivors (4096K)
 Metaspace       used 14339K, committed 14656K, reserved 1114112K
  class space    used 1944K, committed 2112K, reserved 1048576K
}
Event: 10.568 GC heap before
{Heap before GC invocations=8 (full 0):
 garbage-first heap   total 296960K, used 294133K [0x0000000700a00000, 0x0000000800000000)
  region size 2048K, 32 young (65536K), 2 survivors (4096K)
 Metaspace       used 23630K, committed 23936K, reserved 1114112K
  class space    used 3206K, committed 3328K, reserved 1048576K
}
Event: 10.575 GC heap after
{Heap after GC invocations=9 (full 0):
 garbage-first heap   total 309248K, used 242915K [0x0000000700a00000, 0x0000000800000000)
  region size 2048K, 4 young (8192K), 4 survivors (8192K)
 Metaspace       used 23630K, committed 23936K, reserved 1114112K
  class space    used 3206K, committed 3328K, reserved 1048576K
}
Event: 10.623 GC heap before
{Heap before GC invocations=9 (full 0):
 garbage-first heap   total 309248K, used 249059K [0x0000000700a00000, 0x0000000800000000)
  region size 2048K, 7 young (14336K), 4 survivors (8192K)
 Metaspace       used 23709K, committed 24000K, reserved 1114112K
  class space    used 3206K, committed 3328K, reserved 1048576K
}
Event: 10.630 GC heap after
{Heap after GC invocations=10 (full 0):
 garbage-first heap   total 309248K, used 244356K [0x0000000700a00000, 0x0000000800000000)
  region size 2048K, 1 young (2048K), 1 survivors (2048K)
 Metaspace       used 23709K, committed 24000K, reserved 1114112K
  class space    used 3206K, committed 3328K, reserved 1048576K
}
Event: 20.880 GC heap before
{Heap before GC invocations=10 (full 0):
 garbage-first heap   total 309248K, used 254596K [0x0000000700a00000, 0x0000000800000000)
  region size 2048K, 7 young (14336K), 1 survivors (2048K)
 Metaspace       used 23984K, committed 24320K, reserved 1114112K
  class space    used 3222K, committed 3392K, reserved 1048576K
}
Event: 20.882 GC heap after
{Heap after GC invocations=11 (full 0):
 garbage-first heap   total 309248K, used 247573K [0x0000000700a00000, 0x0000000800000000)
  region size 2048K, 2 young (4096K), 2 survivors (4096K)
 Metaspace       used 23984K, committed 24320K, reserved 1114112K
  class space    used 3222K, committed 3392K, reserved 1048576K
}
Event: 20.937 GC heap before
{Heap before GC invocations=12 (full 0):
 garbage-first heap   total 434176K, used 261909K [0x0000000700a00000, 0x0000000800000000)
  region size 2048K, 5 young (10240K), 2 survivors (4096K)
 Metaspace       used 24011K, committed 24320K, reserved 1114112K
  class space    used 3222K, committed 3392K, reserved 1048576K
}
Event: 20.938 GC heap after
{Heap after GC invocations=13 (full 0):
 garbage-first heap   total 434176K, used 258398K [0x0000000700a00000, 0x0000000800000000)
  region size 2048K, 1 young (2048K), 1 survivors (2048K)
 Metaspace       used 24011K, committed 24320K, reserved 1114112K
  class space    used 3222K, committed 3392K, reserved 1048576K
}
Event: 40.340 GC heap before
{Heap before GC invocations=14 (full 0):
 garbage-first heap   total 475136K, used 471390K [0x0000000700a00000, 0x0000000800000000)
  region size 2048K, 40 young (81920K), 1 survivors (2048K)
 Metaspace       used 25202K, committed 25536K, reserved 1114112K
  class space    used 3295K, committed 3456K, reserved 1048576K
}
Event: 40.346 GC heap after
{Heap after GC invocations=15 (full 0):
 garbage-first heap   total 491520K, used 408991K [0x0000000700a00000, 0x0000000800000000)
  region size 2048K, 5 young (10240K), 5 survivors (10240K)
 Metaspace       used 25202K, committed 25536K, reserved 1114112K
  class space    used 3295K, committed 3456K, reserved 1048576K
}
Event: 45.582 GC heap before
{Heap before GC invocations=15 (full 0):
 garbage-first heap   total 491520K, used 433567K [0x0000000700a00000, 0x0000000800000000)
  region size 2048K, 12 young (24576K), 5 survivors (10240K)
 Metaspace       used 25317K, committed 25792K, reserved 1114112K
  class space    used 3301K, committed 3520K, reserved 1048576K
}
Event: 45.586 GC heap after
{Heap after GC invocations=16 (full 0):
 garbage-first heap   total 491520K, used 400312K [0x0000000700a00000, 0x0000000800000000)
  region size 2048K, 2 young (4096K), 2 survivors (4096K)
 Metaspace       used 25317K, committed 25792K, reserved 1114112K
  class space    used 3301K, committed 3520K, reserved 1048576K
}
Event: 73.802 GC heap before
{Heap before GC invocations=16 (full 0):
 garbage-first heap   total 491520K, used 424888K [0x0000000700a00000, 0x0000000800000000)
  region size 2048K, 14 young (28672K), 2 survivors (4096K)
 Metaspace       used 25725K, committed 26176K, reserved 1114112K
  class space    used 3304K, committed 3520K, reserved 1048576K
}
Event: 73.804 GC heap after
{Heap after GC invocations=17 (full 0):
 garbage-first heap   total 491520K, used 401648K [0x0000000700a00000, 0x0000000800000000)
  region size 2048K, 1 young (2048K), 1 survivors (2048K)
 Metaspace       used 25725K, committed 26176K, reserved 1114112K
  class space    used 3304K, committed 3520K, reserved 1048576K
}

Deoptimization events (20 events):
Event: 63.015 Thread 0x0000027604417c40 Uncommon trap: trap_request=0xffffff45 fr.pc=0x000002766bc67ee8 relative=0x0000000000000068
Event: 63.015 Thread 0x0000027604417c40 Uncommon trap: reason=unstable_if action=reinterpret pc=0x000002766bc67ee8 method=com.sun.javafx.scene.KeyboardShortcutsHandler.dispatchBubblingEvent(Ljavafx/event/Event;)Ljavafx/event/Event; @ 4 c2
Event: 63.015 Thread 0x0000027604417c40 DEOPT PACKING pc=0x000002766bc67ee8 sp=0x000000c8e42fdf20
Event: 63.015 Thread 0x0000027604417c40 DEOPT UNPACKING pc=0x0000027663df23a3 sp=0x000000c8e42fdea0 mode 2
Event: 63.130 Thread 0x0000027604417c40 Uncommon trap: trap_request=0xffffffc6 fr.pc=0x000002766ba73f58 relative=0x0000000000000db8
Event: 63.130 Thread 0x0000027604417c40 Uncommon trap: reason=bimorphic_or_optimized_type_check action=maybe_recompile pc=0x000002766ba73f58 method=com.sun.javafx.event.EventHandlerManager.fixEventSource(Ljavafx/event/Event;Ljava/lang/Object;)Ljavafx/event/Event; @ 14 c2
Event: 63.130 Thread 0x0000027604417c40 DEOPT PACKING pc=0x000002766ba73f58 sp=0x000000c8e42fde50
Event: 63.130 Thread 0x0000027604417c40 DEOPT UNPACKING pc=0x0000027663df23a3 sp=0x000000c8e42fdd48 mode 2
Event: 69.411 Thread 0x0000027604417c40 Uncommon trap: trap_request=0xffffffde fr.pc=0x000002766bb339d0 relative=0x0000000000000190
Event: 69.411 Thread 0x0000027604417c40 Uncommon trap: reason=class_check action=maybe_recompile pc=0x000002766bb339d0 method=com.sun.javafx.event.CompositeEventHandler.dispatchBubblingEvent(Ljavafx/event/Event;)V @ 51 c2
Event: 69.411 Thread 0x0000027604417c40 DEOPT PACKING pc=0x000002766bb339d0 sp=0x000000c8e42fdca0
Event: 69.411 Thread 0x0000027604417c40 DEOPT UNPACKING pc=0x0000027663df23a3 sp=0x000000c8e42fdc28 mode 2
Event: 70.129 Thread 0x000002767fbb7030 Uncommon trap: trap_request=0xffffffde fr.pc=0x000002766bb6ed38 relative=0x0000000000001318
Event: 70.129 Thread 0x000002767fbb7030 Uncommon trap: reason=class_check action=maybe_recompile pc=0x000002766bb6ed38 method=com.sun.javafx.sg.prism.NGNode.markCullRegions(Lcom/sun/javafx/geom/DirtyRegionContainer;ILcom/sun/javafx/geom/transform/BaseTransform;Lcom/sun/javafx/geom/transform/Gen
Event: 70.129 Thread 0x000002767fbb7030 DEOPT PACKING pc=0x000002766bb6ed38 sp=0x000000c8e3ffe5f0
Event: 70.129 Thread 0x000002767fbb7030 DEOPT UNPACKING pc=0x0000027663df23a3 sp=0x000000c8e3ffe488 mode 2
Event: 73.796 Thread 0x0000027604417c40 Uncommon trap: trap_request=0xffffffde fr.pc=0x000002766ba52e64 relative=0x00000000000000c4
Event: 73.796 Thread 0x0000027604417c40 Uncommon trap: reason=class_check action=maybe_recompile pc=0x000002766ba52e64 method=java.util.Map.computeIfAbsent(Ljava/lang/Object;Ljava/util/function/Function;)Ljava/lang/Object; @ 19 c2
Event: 73.796 Thread 0x0000027604417c40 DEOPT PACKING pc=0x000002766ba52e64 sp=0x000000c8e42fca50
Event: 73.796 Thread 0x0000027604417c40 DEOPT UNPACKING pc=0x0000027663df23a3 sp=0x000000c8e42fc9e8 mode 2

Classes loaded (20 events):
Event: 40.334 Loading class java/net/Button
Event: 40.334 Loading class java/net/Button done
Event: 40.334 Loading class java/util/Button
Event: 40.334 Loading class java/util/Button done
Event: 40.337 Loading class java/lang/ComboBox
Event: 40.337 Loading class java/lang/ComboBox done
Event: 40.337 Loading class java/net/ComboBox
Event: 40.337 Loading class java/net/ComboBox done
Event: 40.337 Loading class java/util/ComboBox
Event: 40.337 Loading class java/util/ComboBox done
Event: 40.349 Loading class java/lang/TextArea
Event: 40.349 Loading class java/lang/TextArea done
Event: 40.349 Loading class java/net/TextArea
Event: 40.349 Loading class java/net/TextArea done
Event: 40.349 Loading class java/util/TextArea
Event: 40.349 Loading class java/util/TextArea done
Event: 48.001 Loading class java/text/StringCharacterIterator
Event: 48.001 Loading class java/text/StringCharacterIterator done
Event: 52.706 Loading class jdk/internal/access/foreign/MemorySegmentProxy
Event: 52.706 Loading class jdk/internal/access/foreign/MemorySegmentProxy done

Classes unloaded (0 events):
No events

Classes redefined (0 events):
No events

Internal exceptions (20 events):
Event: 5.010 Thread 0x0000027604417c40 Exception <a 'java/lang/ClassNotFoundException'{0x000000070fa5a9e0}: com/sun/javafx/scene/control/skin/resources/controls-nt_en_US> (0x000000070fa5a9e0) 
thrown [t:\workspace\open\src\hotspot\share\prims\jni.cpp, line 535]
Event: 5.068 Thread 0x0000027604417c40 Exception <a 'java/lang/NoSuchMethodError'{0x000000070f436b98}: 'void java.lang.invoke.DirectMethodHandle$Holder.invokeSpecial(java.lang.Object, java.lang.Object, int, int)'> (0x000000070f436b98) 
thrown [t:\workspace\open\src\hotspot\share\interpreter\linkResolver.cpp, line 766]
Event: 5.069 Thread 0x0000027604417c40 Exception <a 'java/lang/NoSuchMethodError'{0x000000070f43d628}: 'java.lang.Object java.lang.invoke.DirectMethodHandle$Holder.newInvokeSpecial(java.lang.Object, java.lang.Object, int, int)'> (0x000000070f43d628) 
thrown [t:\workspace\open\src\hotspot\share\interpreter\linkResolver.cpp, line 766]
Event: 5.069 Thread 0x0000027604417c40 Exception <a 'java/lang/NoSuchMethodError'{0x000000070f441ac8}: 'java.lang.Object java.lang.invoke.DirectMethodHandle$Holder.invokeSpecial(java.lang.Object, java.lang.Object, java.lang.Object, int, int)'> (0x000000070f441ac8) 
thrown [t:\workspace\open\src\hotspot\share\interpreter\linkResolver.cpp, line 766]
Event: 7.172 Thread 0x0000027604417c40 Implicit null exception at 0x000002766b9fa8fe to 0x000002766b9fad14
Event: 7.172 Thread 0x0000027604417c40 Implicit null exception at 0x000002766ba392b5 to 0x000002766ba39300
Event: 8.723 Thread 0x0000027604417c40 Implicit null exception at 0x000002766ba66c3e to 0x000002766ba672b0
Event: 8.723 Thread 0x0000027604417c40 Implicit null exception at 0x000002766ba6ba15 to 0x000002766ba6c058
Event: 8.727 Thread 0x0000027604417c40 Implicit null exception at 0x000002766b9cc424 to 0x000002766b9cc471
Event: 10.606 Thread 0x0000027604417c40 Exception <a 'java/io/FileNotFoundException'{0x000000071298f050}> (0x000000071298f050) 
thrown [t:\workspace\open\src\hotspot\share\prims\jni.cpp, line 516]
Event: 10.662 Thread 0x0000027604417c40 Exception <a 'java/io/FileNotFoundException'{0x0000000712f84ba0}> (0x0000000712f84ba0) 
thrown [t:\workspace\open\src\hotspot\share\prims\jni.cpp, line 516]
Event: 26.999 Thread 0x0000027604417c40 Exception <a 'java/io/FileNotFoundException'{0x000000071b010170}> (0x000000071b010170) 
thrown [t:\workspace\open\src\hotspot\share\prims\jni.cpp, line 516]
Event: 31.914 Thread 0x0000027604417c40 Implicit null exception at 0x000002766b944a28 to 0x000002766b944cd8
Event: 35.353 Thread 0x0000027604417c40 Exception <a 'java/io/FileNotFoundException'{0x000000071868f940}> (0x000000071868f940) 
thrown [t:\workspace\open\src\hotspot\share\prims\jni.cpp, line 516]
Event: 40.420 Thread 0x000002767fbb7030 Implicit null exception at 0x000002766b8c0aac to 0x000002766b8c0b34
Event: 45.542 Thread 0x0000027604417c40 Exception <a 'java/lang/NoSuchMethodError'{0x000000071b75b0d8}: 'java.lang.Object java.lang.invoke.DirectMethodHandle$Holder.newInvokeSpecial(java.lang.Object, java.lang.Object, int, int, int, int, int, java.lang.Object)'> (0x000000071b75b0d8) 
thrown [t:\workspace\open\src\hotspot\share\interpreter\linkResolver.cpp, line 766]
Event: 45.543 Thread 0x0000027604417c40 Exception <a 'java/lang/NoSuchMethodError'{0x000000071b76e0b8}: 'java.lang.Object java.lang.invoke.DirectMethodHandle$Holder.newInvokeSpecial(java.lang.Object, java.lang.Object, java.lang.Object, int, int, int, int, int)'> (0x000000071b76e0b8) 
thrown [t:\workspace\open\src\hotspot\share\interpreter\linkResolver.cpp, line 766]
Event: 45.543 Thread 0x0000027604417c40 Exception <a 'java/lang/NoSuchMethodError'{0x000000071b775920}: 'java.lang.Object java.lang.invoke.Invokers$Holder.linkToTargetMethod(java.lang.Object, java.lang.Object, int, int, int, int, int, java.lang.Object)'> (0x000000071b775920) 
thrown [t:\workspace\open\src\hotspot\share\interpreter\linkResolver.cpp, line 766]
Event: 55.672 Thread 0x0000027604417c40 Implicit null exception at 0x000002766ba4d8f9 to 0x000002766ba4e6d0
Event: 62.929 Thread 0x0000027604417c40 Implicit null exception at 0x000002766bc0f1e6 to 0x000002766bc1154c

VM Operations (20 events):
Event: 61.594 Executing VM operation: Cleanup done
Event: 63.595 Executing VM operation: Cleanup
Event: 63.595 Executing VM operation: Cleanup done
Event: 64.595 Executing VM operation: Cleanup
Event: 64.595 Executing VM operation: Cleanup done
Event: 65.596 Executing VM operation: Cleanup
Event: 65.596 Executing VM operation: Cleanup done
Event: 67.596 Executing VM operation: Cleanup
Event: 67.596 Executing VM operation: Cleanup done
Event: 69.598 Executing VM operation: Cleanup
Event: 69.598 Executing VM operation: Cleanup done
Event: 70.598 Executing VM operation: Cleanup
Event: 70.598 Executing VM operation: Cleanup done
Event: 71.598 Executing VM operation: Cleanup
Event: 71.598 Executing VM operation: Cleanup done
Event: 72.599 Executing VM operation: Cleanup
Event: 72.599 Executing VM operation: Cleanup done
Event: 73.802 Executing VM operation: G1CollectForAllocation
Event: 73.804 Executing VM operation: G1CollectForAllocation done
Event: 73.824 Executing VM operation: G1Concurrent

Events (20 events):
Event: 22.514 Thread 0x000002767f706dc0 flushing nmethod 0x0000027664f5db90
Event: 22.514 Thread 0x000002767f706dc0 flushing nmethod 0x0000027665005310
Event: 27.018 Thread 0x000002760c3d0fa0 Thread added: 0x000002760c3d0fa0
Event: 27.025 Thread 0x000002760c3d0a90 Thread added: 0x000002760c3d0a90
Event: 27.617 Thread 0x000002760c3d0a90 Thread exited: 0x000002760c3d0a90
Event: 27.794 Thread 0x000002760c3d0fa0 Thread exited: 0x000002760c3d0fa0
Event: 31.921 Thread 0x000002760c3d19c0 Thread added: 0x000002760c3d19c0
Event: 31.942 Thread 0x000002760c3d0580 Thread added: 0x000002760c3d0580
Event: 32.420 Thread 0x000002760c3d0580 Thread exited: 0x000002760c3d0580
Event: 32.420 Thread 0x000002760c3d19c0 Thread exited: 0x000002760c3d19c0
Event: 35.364 Thread 0x000002760c3cfb60 Thread added: 0x000002760c3cfb60
Event: 39.169 Thread 0x000002760c3cfb60 Thread exited: 0x000002760c3cfb60
Event: 40.408 Thread 0x000002760c3d19c0 Thread added: 0x000002760c3d19c0
Event: 40.642 Thread 0x000002760c3d19c0 Thread exited: 0x000002760c3d19c0
Event: 43.378 Thread 0x000002767f706dc0 flushing nmethod 0x0000027664749590
Event: 43.379 Thread 0x000002767f706dc0 flushing nmethod 0x0000027664b6e090
Event: 45.586 Thread 0x000002760c3d19c0 Thread added: 0x000002760c3d19c0
Event: 45.746 Thread 0x000002760c3d19c0 Thread exited: 0x000002760c3d19c0
Event: 46.041 Thread 0x000002760c3cec30 Thread added: 0x000002760c3cec30
Event: 46.178 Thread 0x000002760c3cec30 Thread exited: 0x000002760c3cec30


Dynamic libraries:
0x00007ff6e0610000 - 0x00007ff6e0620000 	C:\Program Files\Java\jdk-18\bin\java.exe
0x00007ffa817e0000 - 0x00007ffa819e9000 	C:\WINDOWS\SYSTEM32\ntdll.dll
0x00007ffa7f680000 - 0x00007ffa7f73d000 	C:\WINDOWS\System32\KERNEL32.DLL
0x00007ffa7f1c0000 - 0x00007ffa7f539000 	C:\WINDOWS\System32\KERNELBASE.dll
0x00007ffa7ef30000 - 0x00007ffa7f041000 	C:\WINDOWS\System32\ucrtbase.dll
0x00007ffa7ac70000 - 0x00007ffa7ac8a000 	C:\Program Files\Java\jdk-18\bin\VCRUNTIME140.dll
0x00007ffa65230000 - 0x00007ffa65248000 	C:\Program Files\Java\jdk-18\bin\jli.dll
0x00007ffa816f0000 - 0x00007ffa8179e000 	C:\WINDOWS\System32\ADVAPI32.dll
0x00007ffa81450000 - 0x00007ffa814f3000 	C:\WINDOWS\System32\msvcrt.dll
0x00007ffa81210000 - 0x00007ffa812ae000 	C:\WINDOWS\System32\sechost.dll
0x00007ffa81500000 - 0x00007ffa81620000 	C:\WINDOWS\System32\RPCRT4.dll
0x00007ffa7fbd0000 - 0x00007ffa7fd7c000 	C:\WINDOWS\System32\USER32.dll
0x00007ffa6dcf0000 - 0x00007ffa6df95000 	C:\WINDOWS\WinSxS\amd64_microsoft.windows.common-controls_6595b64144ccf1df_6.0.22000.120_none_9d947278b86cc467\COMCTL32.dll
0x00007ffa7f650000 - 0x00007ffa7f676000 	C:\WINDOWS\System32\win32u.dll
0x00007ffa7f910000 - 0x00007ffa7f939000 	C:\WINDOWS\System32\GDI32.dll
0x00007ffa7ecd0000 - 0x00007ffa7ede2000 	C:\WINDOWS\System32\gdi32full.dll
0x00007ffa7f5b0000 - 0x00007ffa7f64d000 	C:\WINDOWS\System32\msvcp_win.dll
0x00007ffa78490000 - 0x00007ffa7849a000 	C:\WINDOWS\SYSTEM32\VERSION.dll
0x00007ffa81620000 - 0x00007ffa81651000 	C:\WINDOWS\System32\IMM32.DLL
0x00007ffa7ac60000 - 0x00007ffa7ac6c000 	C:\Program Files\Java\jdk-18\bin\vcruntime140_1.dll
0x00007ffa51bb0000 - 0x00007ffa51c3d000 	C:\Program Files\Java\jdk-18\bin\msvcp140.dll
0x00007ffa08a70000 - 0x00007ffa09681000 	C:\Program Files\Java\jdk-18\bin\server\jvm.dll
0x00007ffa7f960000 - 0x00007ffa7f968000 	C:\WINDOWS\System32\PSAPI.DLL
0x00007ffa651e0000 - 0x00007ffa651e9000 	C:\WINDOWS\SYSTEM32\WSOCK32.dll
0x00007ffa73b50000 - 0x00007ffa73b83000 	C:\WINDOWS\SYSTEM32\WINMM.dll
0x00007ffa7f820000 - 0x00007ffa7f88f000 	C:\WINDOWS\System32\WS2_32.dll
0x00007ffa7dec0000 - 0x00007ffa7ded8000 	C:\WINDOWS\SYSTEM32\kernel.appcore.dll
0x00007ffa7ac50000 - 0x00007ffa7ac5a000 	C:\Program Files\Java\jdk-18\bin\jimage.dll
0x00007ffa73840000 - 0x00007ffa73a61000 	C:\WINDOWS\SYSTEM32\DBGHELP.DLL
0x00007ffa6c5d0000 - 0x00007ffa6c601000 	C:\WINDOWS\SYSTEM32\dbgcore.DLL
0x00007ffa7eeb0000 - 0x00007ffa7ef2f000 	C:\WINDOWS\System32\bcryptPrimitives.dll
0x00007ffa6a560000 - 0x00007ffa6a585000 	C:\Program Files\Java\jdk-18\bin\java.dll
0x00007ffa521a0000 - 0x00007ffa52276000 	C:\Program Files\Java\jdk-18\bin\jsvml.dll
0x00007ffa80a60000 - 0x00007ffa8120f000 	C:\WINDOWS\System32\SHELL32.dll
0x00007ffa7ce50000 - 0x00007ffa7d6b8000 	C:\WINDOWS\SYSTEM32\windows.storage.dll
0x00007ffa804b0000 - 0x00007ffa80828000 	C:\WINDOWS\System32\combase.dll
0x00007ffa7cce0000 - 0x00007ffa7ce46000 	C:\WINDOWS\SYSTEM32\wintypes.dll
0x00007ffa7fd80000 - 0x00007ffa7fe6a000 	C:\WINDOWS\System32\SHCORE.dll
0x00007ffa7f970000 - 0x00007ffa7f9cd000 	C:\WINDOWS\System32\shlwapi.dll
0x00007ffa7ec00000 - 0x00007ffa7ec21000 	C:\WINDOWS\SYSTEM32\profapi.dll
0x00007ffa6a7f0000 - 0x00007ffa6a803000 	C:\Program Files\Java\jdk-18\bin\net.dll
0x00007ffa78380000 - 0x00007ffa7848c000 	C:\WINDOWS\SYSTEM32\WINHTTP.dll
0x00007ffa7e2f0000 - 0x00007ffa7e357000 	C:\WINDOWS\system32\mswsock.dll
0x00007ffa6a520000 - 0x00007ffa6a536000 	C:\Program Files\Java\jdk-18\bin\nio.dll
0x00007ffa6a3e0000 - 0x00007ffa6a3f8000 	C:\Program Files\Java\jdk-18\bin\zip.dll
0x000002765a420000 - 0x000002765a423000 	C:\Users\isaac\.openjfx\cache\13\api-ms-win-core-console-l1-1-0.dll
0x000002765a430000 - 0x000002765a433000 	C:\Users\isaac\.openjfx\cache\13\api-ms-win-core-datetime-l1-1-0.dll
0x000002765a440000 - 0x000002765a443000 	C:\Users\isaac\.openjfx\cache\13\api-ms-win-core-debug-l1-1-0.dll
0x000002765a450000 - 0x000002765a453000 	C:\Users\isaac\.openjfx\cache\13\api-ms-win-core-errorhandling-l1-1-0.dll
0x000002765a460000 - 0x000002765a464000 	C:\Users\isaac\.openjfx\cache\13\api-ms-win-core-file-l1-1-0.dll
0x000002765a470000 - 0x000002765a473000 	C:\Users\isaac\.openjfx\cache\13\api-ms-win-core-file-l1-2-0.dll
0x000002765a480000 - 0x000002765a483000 	C:\Users\isaac\.openjfx\cache\13\api-ms-win-core-file-l2-1-0.dll
0x000002765c400000 - 0x000002765c403000 	C:\Users\isaac\.openjfx\cache\13\api-ms-win-core-handle-l1-1-0.dll
0x000002765c410000 - 0x000002765c413000 	C:\Users\isaac\.openjfx\cache\13\api-ms-win-core-heap-l1-1-0.dll
0x000002765c420000 - 0x000002765c423000 	C:\Users\isaac\.openjfx\cache\13\api-ms-win-core-interlocked-l1-1-0.dll
0x000002765c430000 - 0x000002765c433000 	C:\Users\isaac\.openjfx\cache\13\api-ms-win-core-libraryloader-l1-1-0.dll
0x000002767fc60000 - 0x000002767fc63000 	C:\Users\isaac\.openjfx\cache\13\api-ms-win-core-localization-l1-2-0.dll
0x000002767fc70000 - 0x000002767fc73000 	C:\Users\isaac\.openjfx\cache\13\api-ms-win-core-memory-l1-1-0.dll
0x000002767fc80000 - 0x000002767fc83000 	C:\Users\isaac\.openjfx\cache\13\api-ms-win-core-namedpipe-l1-1-0.dll
0x000002767fc90000 - 0x000002767fc93000 	C:\Users\isaac\.openjfx\cache\13\api-ms-win-core-processenvironment-l1-1-0.dll
0x000002767fca0000 - 0x000002767fca3000 	C:\Users\isaac\.openjfx\cache\13\api-ms-win-core-processthreads-l1-1-0.dll
0x000002767fcb0000 - 0x000002767fcb3000 	C:\Users\isaac\.openjfx\cache\13\api-ms-win-core-processthreads-l1-1-1.dll
0x000002767fcc0000 - 0x000002767fcc3000 	C:\Users\isaac\.openjfx\cache\13\api-ms-win-core-profile-l1-1-0.dll
0x000002767fcd0000 - 0x000002767fcd3000 	C:\Users\isaac\.openjfx\cache\13\api-ms-win-core-rtlsupport-l1-1-0.dll
0x000002767fce0000 - 0x000002767fce3000 	C:\Users\isaac\.openjfx\cache\13\api-ms-win-core-string-l1-1-0.dll
0x000002767fcf0000 - 0x000002767fcf3000 	C:\Users\isaac\.openjfx\cache\13\api-ms-win-core-synch-l1-1-0.dll
0x000002767fd00000 - 0x000002767fd03000 	C:\Users\isaac\.openjfx\cache\13\api-ms-win-core-synch-l1-2-0.dll
0x000002767fd10000 - 0x000002767fd13000 	C:\Users\isaac\.openjfx\cache\13\api-ms-win-core-sysinfo-l1-1-0.dll
0x000002767fd20000 - 0x000002767fd23000 	C:\Users\isaac\.openjfx\cache\13\api-ms-win-core-timezone-l1-1-0.dll
0x000002767fd30000 - 0x000002767fd33000 	C:\Users\isaac\.openjfx\cache\13\api-ms-win-core-util-l1-1-0.dll
0x000002767fd40000 - 0x000002767fd43000 	C:\Users\isaac\.openjfx\cache\13\api-ms-win-crt-conio-l1-1-0.dll
0x000002767fd50000 - 0x000002767fd54000 	C:\Users\isaac\.openjfx\cache\13\api-ms-win-crt-convert-l1-1-0.dll
0x000002767fd60000 - 0x000002767fd63000 	C:\Users\isaac\.openjfx\cache\13\api-ms-win-crt-environment-l1-1-0.dll
0x000002767fd70000 - 0x000002767fd73000 	C:\Users\isaac\.openjfx\cache\13\api-ms-win-crt-filesystem-l1-1-0.dll
0x000002767fd80000 - 0x000002767fd83000 	C:\Users\isaac\.openjfx\cache\13\api-ms-win-crt-heap-l1-1-0.dll
0x000002767fd90000 - 0x000002767fd93000 	C:\Users\isaac\.openjfx\cache\13\api-ms-win-crt-locale-l1-1-0.dll
0x000002767fda0000 - 0x000002767fda5000 	C:\Users\isaac\.openjfx\cache\13\api-ms-win-crt-math-l1-1-0.dll
0x000002767fdb0000 - 0x000002767fdb5000 	C:\Users\isaac\.openjfx\cache\13\api-ms-win-crt-multibyte-l1-1-0.dll
0x000002767fdc0000 - 0x000002767fdd0000 	C:\Users\isaac\.openjfx\cache\13\api-ms-win-crt-private-l1-1-0.dll
0x000002767fdd0000 - 0x000002767fdd3000 	C:\Users\isaac\.openjfx\cache\13\api-ms-win-crt-process-l1-1-0.dll
0x000002767fde0000 - 0x000002767fde4000 	C:\Users\isaac\.openjfx\cache\13\api-ms-win-crt-runtime-l1-1-0.dll
0x000002767fdf0000 - 0x000002767fdf4000 	C:\Users\isaac\.openjfx\cache\13\api-ms-win-crt-stdio-l1-1-0.dll
0x000002767fe00000 - 0x000002767fe04000 	C:\Users\isaac\.openjfx\cache\13\api-ms-win-crt-string-l1-1-0.dll
0x000002767fe10000 - 0x000002767fe13000 	C:\Users\isaac\.openjfx\cache\13\api-ms-win-crt-time-l1-1-0.dll
0x000002767fe20000 - 0x000002767fe23000 	C:\Users\isaac\.openjfx\cache\13\api-ms-win-crt-utility-l1-1-0.dll
0x00007ffa51970000 - 0x00007ffa51a6c000 	C:\Users\isaac\.openjfx\cache\13\ucrtbase.dll
0x00007ffa651c0000 - 0x00007ffa651d5000 	C:\Users\isaac\.openjfx\cache\13\vcruntime140.dll
0x00007ffa51080000 - 0x00007ffa5111b000 	C:\Users\isaac\.openjfx\cache\13\msvcp140.dll
0x00007ffa51910000 - 0x00007ffa51961000 	C:\Users\isaac\.openjfx\cache\13\concrt140.dll
0x00007ffa5c190000 - 0x00007ffa5c1b3000 	C:\Users\isaac\.openjfx\cache\13\prism_d3d.dll
0x00007ffa712b0000 - 0x00007ffa71456000 	C:\WINDOWS\system32\d3d9.dll
0x00007ffa7c7d0000 - 0x00007ffa7c7ff000 	C:\WINDOWS\SYSTEM32\dwmapi.dll
0x00007ffa7c610000 - 0x00007ffa7c648000 	C:\WINDOWS\SYSTEM32\dxcore.dll
0x00007ffa7c3e0000 - 0x00007ffa7c48c000 	C:\WINDOWS\system32\uxtheme.dll
0x00007ffa772b0000 - 0x00007ffa77360000 	C:\WINDOWS\System32\DriverStore\FileRepository\nv_dispi.inf_amd64_d5d5b9f929f4cb65\nvldumdx.dll
0x00007ffa7e590000 - 0x00007ffa7e5a2000 	C:\WINDOWS\SYSTEM32\msasn1.dll
0x00007ffa770d0000 - 0x00007ffa77101000 	C:\WINDOWS\SYSTEM32\cryptnet.dll
0x00007ffa7f050000 - 0x00007ffa7f1b2000 	C:\WINDOWS\System32\CRYPT32.dll
0x00007ffa76f80000 - 0x00007ffa770c9000 	C:\WINDOWS\SYSTEM32\drvstore.dll
0x00007ffa7e9a0000 - 0x00007ffa7e9cc000 	C:\WINDOWS\SYSTEM32\devobj.dll
0x00007ffa7e9d0000 - 0x00007ffa7ea1c000 	C:\WINDOWS\SYSTEM32\cfgmgr32.dll
0x00007ffa7e600000 - 0x00007ffa7e63d000 	C:\WINDOWS\SYSTEM32\wldp.dll
0x00007ffa7e530000 - 0x00007ffa7e53c000 	C:\WINDOWS\SYSTEM32\cryptbase.dll
0x00007ffa7f540000 - 0x00007ffa7f5a7000 	C:\WINDOWS\System32\WINTRUST.DLL
0x00007ffa7ff90000 - 0x00007ffa7ffaf000 	C:\WINDOWS\System32\imagehlp.dll
0x00007ffa7e540000 - 0x00007ffa7e558000 	C:\WINDOWS\SYSTEM32\CRYPTSP.dll
0x00007ffa7de20000 - 0x00007ffa7de55000 	C:\WINDOWS\system32\rsaenh.dll
0x00007ffa7e6b0000 - 0x00007ffa7e6d7000 	C:\WINDOWS\SYSTEM32\bcrypt.dll
0x00007ffa072e0000 - 0x00007ffa08a68000 	C:\WINDOWS\System32\DriverStore\FileRepository\nv_dispi.inf_amd64_d5d5b9f929f4cb65\nvd3dumx.dll
0x00007ffa7ab20000 - 0x00007ffa7ab64000 	C:\WINDOWS\SYSTEM32\directxdatabasehelper.dll
0x00007ffa7c6b0000 - 0x00007ffa7c6e4000 	C:\WINDOWS\SYSTEM32\ntmarta.dll
0x00007ffa540f0000 - 0x00007ffa54135000 	C:\Users\isaac\.openjfx\cache\13\glass.dll
0x00007ffa812b0000 - 0x00007ffa8139c000 	C:\WINDOWS\System32\COMDLG32.dll
0x00007ffa7f9d0000 - 0x00007ffa7fb6a000 	C:\WINDOWS\System32\ole32.dll
0x00007ffa7f740000 - 0x00007ffa7f816000 	C:\WINDOWS\System32\OLEAUT32.dll
0x0000000180000000 - 0x0000000182dd7000 	C:\Program Files (x86)\RivaTuner Statistics Server\RTSSHooks64.dll
0x00007ffa80040000 - 0x00007ffa804ac000 	C:\WINDOWS\System32\SETUPAPI.dll
0x00007ffa7fe70000 - 0x00007ffa7ff8e000 	C:\WINDOWS\System32\MSCTF.dll
0x00007ffa39d80000 - 0x00007ffa3a047000 	C:\WINDOWS\system32\nvspcap64.dll
0x00007ffa7e380000 - 0x00007ffa7e3a4000 	C:\WINDOWS\SYSTEM32\gpapi.dll
0x00007ffa64ff0000 - 0x00007ffa65004000 	C:\Users\isaac\.openjfx\cache\13\javafx_font.dll
0x00007ffa5f160000 - 0x00007ffa5f3bf000 	C:\WINDOWS\SYSTEM32\dwrite.dll
0x00007ffa813a0000 - 0x00007ffa8144f000 	C:\WINDOWS\System32\clbcatq.dll
0x00007ffa78990000 - 0x00007ffa78b3e000 	C:\WINDOWS\SYSTEM32\WindowsCodecs.dll
0x00007ffa5d220000 - 0x00007ffa5d27d000 	C:\WINDOWS\system32\dataexchange.dll
0x00007ffa77d40000 - 0x00007ffa77fa6000 	C:\WINDOWS\system32\twinapi.appcore.dll
0x00007ffa52e10000 - 0x00007ffa52e42000 	C:\Program Files\Common Files\Microsoft Shared\Ink\rtscom.dll
0x00007ffa663b0000 - 0x00007ffa664dd000 	C:\WINDOWS\SYSTEM32\textinputframework.dll

dbghelp: loaded successfully - version: 4.0.5 - missing functions: none
symbol engine: initialized successfully - sym options: 0x614 - pdb path: .;C:\Program Files\Java\jdk-18\bin;C:\WINDOWS\SYSTEM32;C:\WINDOWS\WinSxS\amd64_microsoft.windows.common-controls_6595b64144ccf1df_6.0.22000.120_none_9d947278b86cc467;C:\Program Files\Java\jdk-18\bin\server;C:\Users\isaac\.openjfx\cache\13;C:\WINDOWS\System32\DriverStore\FileRepository\nv_dispi.inf_amd64_d5d5b9f929f4cb65;C:\Program Files (x86)\RivaTuner Statistics Server;C:\Program Files\Common Files\Microsoft Shared\Ink

VM Arguments:
jvm_args: --module-path=C:\Users\isaac\.m2\repository\org\openjfx\javafx-base\13\javafx-base-13-win.jar;C:\Users\isaac\.m2\repository\org\openjfx\javafx-base\13\javafx-base-13.jar;C:\Users\isaac\.m2\repository\org\openjfx\javafx-controls\13\javafx-controls-13-win.jar;C:\Users\isaac\.m2\repository\org\openjfx\javafx-controls\13\javafx-controls-13.jar;C:\Users\isaac\.m2\repository\org\openjfx\javafx-fxml\13\javafx-fxml-13-win.jar;C:\Users\isaac\.m2\repository\org\openjfx\javafx-fxml\13\javafx-fxml-13.jar;C:\Users\isaac\.m2\repository\org\openjfx\javafx-graphics\13\javafx-graphics-13-win.jar;C:\Users\isaac\.m2\repository\org\openjfx\javafx-graphics\13\javafx-graphics-13.jar --add-modules=javafx.base,javafx.controls,javafx.fxml,javafx.graphics 
java_command: br.com.fatec.App
java_class_path (initial): C:\Users\isaac\Desktop\Faculdade\plutonio-petshop-java\Petshop\target\classes;C:\Users\isaac\.m2\repository\com\microsoft\sqlserver\mssql-jdbc\9.4.0.jre11\mssql-jdbc-9.4.0.jre11.jar;C:\Users\isaac\.m2\repository\mysql\mysql-connector-java\6.0.6\mysql-connector-java-6.0.6.jar;C:\Users\isaac\.m2\repository\org\mariadb\jdbc\mariadb-java-client\3.0.4\mariadb-java-client-3.0.4.jar
Launcher Type: SUN_STANDARD

[Global flags]
     intx CICompilerCount                          = 4                                         {product} {ergonomic}
     uint ConcGCThreads                            = 3                                         {product} {ergonomic}
     uint G1ConcRefinementThreads                  = 10                                        {product} {ergonomic}
   size_t G1HeapRegionSize                         = 2097152                                   {product} {ergonomic}
    uintx GCDrainStackTargetSize                   = 64                                        {product} {ergonomic}
   size_t InitialHeapSize                          = 268435456                                 {product} {ergonomic}
   size_t MarkStackSize                            = 4194304                                   {product} {ergonomic}
   size_t MaxHeapSize                              = 4284481536                                {product} {ergonomic}
   size_t MaxNewSize                               = 2569011200                                {product} {ergonomic}
   size_t MinHeapDeltaBytes                        = 2097152                                   {product} {ergonomic}
   size_t MinHeapSize                              = 8388608                                   {product} {ergonomic}
    uintx NonNMethodCodeHeapSize                   = 5839372                                {pd product} {ergonomic}
    uintx NonProfiledCodeHeapSize                  = 122909434                              {pd product} {ergonomic}
    uintx ProfiledCodeHeapSize                     = 122909434                              {pd product} {ergonomic}
    uintx ReservedCodeCacheSize                    = 251658240                              {pd product} {ergonomic}
     bool SegmentedCodeCache                       = true                                      {product} {ergonomic}
   size_t SoftMaxHeapSize                          = 4284481536                             {manageable} {ergonomic}
     bool UseCompressedClassPointers               = true                           {product lp64_product} {ergonomic}
     bool UseCompressedOops                        = true                           {product lp64_product} {ergonomic}
     bool UseG1GC                                  = true                                      {product} {ergonomic}
     bool UseLargePagesIndividualAllocation        = false                                  {pd product} {ergonomic}

Logging:
Log output configuration:
 #0: stdout all=warning uptime,level,tags foldmultilines=false
 #1: stderr all=off uptime,level,tags foldmultilines=false

Environment Variables:
JAVA_HOME=C:\Program Files\Java\jdk-18
PATH=C:\ProgramData\Oracle\Java\javapath;C:\Program Files\Common Files\Oracle\Java\javapath;C:\Python310\Scripts\;C:\Python310\;C:\WINDOWS\system32;C:\WINDOWS;C:\WINDOWS\System32\Wbem;C:\WINDOWS\System32\WindowsPowerShell\v1.0\;C:\WINDOWS\System32\OpenSSH\;C:\Program Files\nodejs\;C:\ProgramData\chocolatey\bin;C:\Program Files\Git\cmd;C:\Program Files (x86)\NVIDIA Corporation\PhysX\Common;C:\Program Files\NVIDIA Corporation\NVIDIA NvDLISR;C:\Program Files\MySQL\MySQL Shell 8.0\bin\;C:\Users\isaac\AppData\Local\Microsoft\WindowsApps;C:\Users\isaac\AppData\Roaming\npm;C:\Users\isaac\AppData\Local\Programs\Microsoft VS Code\bin;C:\Users\isaac\AppData\Local\GitHubDesktop\bin
USERNAME=isaac
OS=Windows_NT
PROCESSOR_IDENTIFIER=AMD64 Family 23 Model 113 Stepping 0, AuthenticAMD



---------------  S Y S T E M  ---------------

OS:
 Windows 11 , 64 bit Build 22000 (10.0.22000.675)
OS uptime: 0 days 6:12 hours

CPU: total 12 (initial active 12) (12 cores per cpu, 2 threads per core) family 23 model 113 stepping 0 microcode 0x0, cx8, cmov, fxsr, ht, mmx, 3dnowpref, sse, sse2, sse3, ssse3, sse4a, sse4.1, sse4.2, popcnt, lzcnt, tsc, tscinvbit, avx, avx2, aes, clmul, bmi1, bmi2, adx, sha, fma, vzeroupper, clflush, clflushopt

Memory: 4k page, system-wide physical 16336M (484M free)
TotalPageFile size 31511M (AvailPageFile size 5M)
current process WorkingSet (physical memory assigned to process): 697M, peak: 719M
current process commit charge ("private bytes"): 1143M, peak: 1145M

vm_info: Java HotSpot(TM) 64-Bit Server VM (18+36-2087) for windows-amd64 JRE (18+36-2087), built on Feb 15 2022 09:43:11 by "mach5one" with MS VC++ 16.8 / 16.9 (VS2019)

END.
